2025-07-03T02:00:17.949722700 [MEDIA] Менше 2 валідних фото для квартири 33283812. Пропущено.
2025-07-03T02:00:17.950721500 [MEDIA] Менше 2 валідних фото для квартири 33283543. Пропущено.
2025-07-03T02:00:17.951722300 [MEDIA] Менше 2 валідних фото для квартири 33283064. Пропущено.
2025-07-03T02:00:17.951722300 [MEDIA] Менше 2 валідних фото для квартири 33281637. Пропущено.
2025-07-03T02:01:07.947591600 [MEDIA] Перевіряю фото: photos/33283812_net_1.webp | Абсолютний шлях: D:\Markiian\DimRiaParser\photos\33283812_net_1.webp | Існує: false
2025-07-03T02:01:07.955126 [MEDIA] Перевіряю фото: photos/33283812_net_2.webp | Абсолютний шлях: D:\Markiian\DimRiaParser\photos\33283812_net_2.webp | Існує: false
2025-07-03T02:01:07.955126 [MEDIA] Перевіряю фото: photos/33283812_net_3.webp | Абсолютний шлях: D:\Markiian\DimRiaParser\photos\33283812_net_3.webp | Існує: false
2025-07-03T02:01:07.956118100 [MEDIA] Перевіряю фото: photos/33283812_net_4.webp | Абсолютний шлях: D:\Markiian\DimRiaParser\photos\33283812_net_4.webp | Існує: false
2025-07-03T02:01:07.956118100 [MEDIA] Перевіряю фото: photos/33283812_net_5.webp | Абсолютний шлях: D:\Markiian\DimRiaParser\photos\33283812_net_5.webp | Існує: false
2025-07-03T02:01:07.956118100 [MEDIA] Менше 2 валідних фото для квартири 33283812. Пропущено.
2025-07-03T02:01:07.956118100 [MEDIA] Перевіряю фото: photos/33283543_net_1.webp | Абсолютний шлях: D:\Markiian\DimRiaParser\photos\33283543_net_1.webp | Існує: false
2025-07-03T02:01:07.956118100 [MEDIA] Перевіряю фото: photos/33283543_net_2.webp | Абсолютний шлях: D:\Markiian\DimRiaParser\photos\33283543_net_2.webp | Існує: false
2025-07-03T02:01:07.957118900 [MEDIA] Перевіряю фото: photos/33283543_net_3.webp | Абсолютний шлях: D:\Markiian\DimRiaParser\photos\33283543_net_3.webp | Існує: false
2025-07-03T02:01:07.957118900 [MEDIA] Перевіряю фото: photos/33283543_net_4.webp | Абсолютний шлях: D:\Markiian\DimRiaParser\photos\33283543_net_4.webp | Існує: false
2025-07-03T02:01:07.957118900 [MEDIA] Перевіряю фото: photos/33283543_net_5.webp | Абсолютний шлях: D:\Markiian\DimRiaParser\photos\33283543_net_5.webp | Існує: false
2025-07-03T02:01:07.957118900 [MEDIA] Менше 2 валідних фото для квартири 33283543. Пропущено.
2025-07-03T02:01:07.959119300 [MEDIA] Перевіряю фото: photos/33283064_net_1.webp | Абсолютний шлях: D:\Markiian\DimRiaParser\photos\33283064_net_1.webp | Існує: false
2025-07-03T02:01:07.959119300 [MEDIA] Перевіряю фото: photos/33283064_net_2.webp | Абсолютний шлях: D:\Markiian\DimRiaParser\photos\33283064_net_2.webp | Існує: false
2025-07-03T02:01:07.959119300 [MEDIA] Перевіряю фото: photos/33283064_net_3.webp | Абсолютний шлях: D:\Markiian\DimRiaParser\photos\33283064_net_3.webp | Існує: false
2025-07-03T02:01:07.960117800 [MEDIA] Перевіряю фото: photos/33283064_net_4.webp | Абсолютний шлях: D:\Markiian\DimRiaParser\photos\33283064_net_4.webp | Існує: false
2025-07-03T02:01:07.960117800 [MEDIA] Перевіряю фото: photos/33283064_net_5.webp | Абсолютний шлях: D:\Markiian\DimRiaParser\photos\33283064_net_5.webp | Існує: false
2025-07-03T02:01:07.960117800 [MEDIA] Менше 2 валідних фото для квартири 33283064. Пропущено.
2025-07-03T02:01:07.961119 [MEDIA] Перевіряю фото: photos/33281637_net_1.webp | Абсолютний шлях: D:\Markiian\DimRiaParser\photos\33281637_net_1.webp | Існує: false
2025-07-03T02:01:07.961119 [MEDIA] Перевіряю фото: photos/33281637_net_2.webp | Абсолютний шлях: D:\Markiian\DimRiaParser\photos\33281637_net_2.webp | Існує: false
2025-07-03T02:01:07.961119 [MEDIA] Перевіряю фото: photos/33281637_net_3.webp | Абсолютний шлях: D:\Markiian\DimRiaParser\photos\33281637_net_3.webp | Існує: false
2025-07-03T02:01:07.961119 [MEDIA] Перевіряю фото: photos/33281637_net_4.webp | Абсолютний шлях: D:\Markiian\DimRiaParser\photos\33281637_net_4.webp | Існує: false
2025-07-03T02:01:07.962120 [MEDIA] Перевіряю фото: photos/33281637_net_5.webp | Абсолютний шлях: D:\Markiian\DimRiaParser\photos\33281637_net_5.webp | Існує: false
2025-07-03T02:01:07.962120 [MEDIA] Менше 2 валідних фото для квартири 33281637. Пропущено.
2025-07-03T02:12:13.352027 [MEDIA] Перевіряю фото: photos/33284593_net_1.webp | Абсолютний шлях: D:\Markiian\DimRiaParser\photos\33284593_net_1.webp | Існує: true
2025-07-03T02:12:13.354020400 [MEDIA] Перевіряю фото: photos/33284593_net_2.webp | Абсолютний шлях: D:\Markiian\DimRiaParser\photos\33284593_net_2.webp | Існує: true
2025-07-03T02:12:13.355027400 [MEDIA] Перевіряю фото: photos/33284593_net_3.webp | Абсолютний шлях: D:\Markiian\DimRiaParser\photos\33284593_net_3.webp | Існує: true
2025-07-03T02:12:13.356027500 [MEDIA] Перевіряю фото: photos/33284593_net_4.webp | Абсолютний шлях: D:\Markiian\DimRiaParser\photos\33284593_net_4.webp | Існує: true
2025-07-03T02:12:13.357027900 [MEDIA] Перевіряю фото: photos/33284593_net_5.webp | Абсолютний шлях: D:\Markiian\DimRiaParser\photos\33284593_net_5.webp | Існує: true
2025-07-03T02:12:13.364030800 [PHOTO] Помилка sendPhoto: InputStream data not supported in URL query string.
2025-07-03T02:12:13.367026300 [PHOTO] Помилка sendPhoto: InputStream data not supported in URL query string.
2025-07-03T02:12:13.369030700 [PHOTO] Помилка sendPhoto: InputStream data not supported in URL query string.
2025-07-03T02:12:13.372029900 [PHOTO] Помилка sendPhoto: InputStream data not supported in URL query string.
2025-07-03T02:12:13.374029500 [PHOTO] Помилка sendPhoto: InputStream data not supported in URL query string.
2025-07-03T02:12:13.375624500 [MEDIA] Відправлено 5 фото для квартири 33284593
2025-07-03T02:12:13.377732500 [MEDIA] Перевіряю фото: photos/33284563_net_1.webp | Абсолютний шлях: D:\Markiian\DimRiaParser\photos\33284563_net_1.webp | Існує: true
2025-07-03T02:12:13.379741600 [MEDIA] Перевіряю фото: photos/33284563_net_2.webp | Абсолютний шлях: D:\Markiian\DimRiaParser\photos\33284563_net_2.webp | Існує: true
2025-07-03T02:12:13.380637500 [MEDIA] Перевіряю фото: photos/33284563_net_3.webp | Абсолютний шлях: D:\Markiian\DimRiaParser\photos\33284563_net_3.webp | Існує: true
2025-07-03T02:12:13.381751700 [MEDIA] Перевіряю фото: photos/33284563_net_4.webp | Абсолютний шлях: D:\Markiian\DimRiaParser\photos\33284563_net_4.webp | Існує: true
2025-07-03T02:12:13.383753600 [MEDIA] Перевіряю фото: photos/33284563_net_5.webp | Абсолютний шлях: D:\Markiian\DimRiaParser\photos\33284563_net_5.webp | Існує: true
2025-07-03T02:12:13.389698200 [PHOTO] Помилка sendPhoto: InputStream data not supported in URL query string.
2025-07-03T02:12:13.393746800 [PHOTO] Помилка sendPhoto: InputStream data not supported in URL query string.
2025-07-03T02:12:13.397772100 [PHOTO] Помилка sendPhoto: InputStream data not supported in URL query string.
2025-07-03T02:12:13.400768900 [PHOTO] Помилка sendPhoto: InputStream data not supported in URL query string.
2025-07-03T02:12:13.403721400 [PHOTO] Помилка sendPhoto: InputStream data not supported in URL query string.
2025-07-03T02:12:13.403721400 [MEDIA] Відправлено 5 фото для квартири 33284563
2025-07-03T02:12:13.463182100 [MEDIA] Перевіряю фото: photos/33283499_net_1.webp | Абсолютний шлях: D:\Markiian\DimRiaParser\photos\33283499_net_1.webp | Існує: true
2025-07-03T02:12:13.464273700 [MEDIA] Перевіряю фото: photos/33283499_net_2.webp | Абсолютний шлях: D:\Markiian\DimRiaParser\photos\33283499_net_2.webp | Існує: true
2025-07-03T02:12:13.466268300 [MEDIA] Перевіряю фото: photos/33283499_net_3.webp | Абсолютний шлях: D:\Markiian\DimRiaParser\photos\33283499_net_3.webp | Існує: true
2025-07-03T02:12:13.467274200 [MEDIA] Перевіряю фото: photos/33283499_net_4.webp | Абсолютний шлях: D:\Markiian\DimRiaParser\photos\33283499_net_4.webp | Існує: true
2025-07-03T02:12:13.468275700 [MEDIA] Перевіряю фото: photos/33283499_net_5.webp | Абсолютний шлях: D:\Markiian\DimRiaParser\photos\33283499_net_5.webp | Існує: true
2025-07-03T02:12:13.477278500 [PHOTO] Помилка sendPhoto: InputStream data not supported in URL query string.
2025-07-03T02:12:13.480193900 [PHOTO] Помилка sendPhoto: InputStream data not supported in URL query string.
2025-07-03T02:12:13.484188600 [PHOTO] Помилка sendPhoto: InputStream data not supported in URL query string.
2025-07-03T02:12:13.485696400 [PHOTO] Помилка sendPhoto: InputStream data not supported in URL query string.
2025-07-03T02:12:13.487705100 [PHOTO] Помилка sendPhoto: InputStream data not supported in URL query string.
2025-07-03T02:12:13.489201400 [MEDIA] Відправлено 5 фото для квартири 33283499
2025-07-03T02:12:13.489704 [MEDIA] Перевіряю фото: photos/33283560_net_1.webp | Абсолютний шлях: D:\Markiian\DimRiaParser\photos\33283560_net_1.webp | Існує: true
2025-07-03T02:12:13.490703900 [MEDIA] Перевіряю фото: photos/33283560_net_2.webp | Абсолютний шлях: D:\Markiian\DimRiaParser\photos\33283560_net_2.webp | Існує: true
2025-07-03T02:12:13.491704 [MEDIA] Перевіряю фото: photos/33283560_net_3.webp | Абсолютний шлях: D:\Markiian\DimRiaParser\photos\33283560_net_3.webp | Існує: true
2025-07-03T02:12:13.492707 [MEDIA] Перевіряю фото: photos/33283560_net_4.webp | Абсолютний шлях: D:\Markiian\DimRiaParser\photos\33283560_net_4.webp | Існує: true
2025-07-03T02:12:13.494703600 [MEDIA] Перевіряю фото: photos/33283560_net_5.webp | Абсолютний шлях: D:\Markiian\DimRiaParser\photos\33283560_net_5.webp | Існує: true
2025-07-03T02:12:13.501219100 [PHOTO] Помилка sendPhoto: InputStream data not supported in URL query string.
2025-07-03T02:12:13.503215400 [PHOTO] Помилка sendPhoto: InputStream data not supported in URL query string.
2025-07-03T02:12:13.505216200 [PHOTO] Помилка sendPhoto: InputStream data not supported in URL query string.
2025-07-03T02:12:13.508215300 [PHOTO] Помилка sendPhoto: InputStream data not supported in URL query string.
2025-07-03T02:12:13.510215700 [PHOTO] Помилка sendPhoto: InputStream data not supported in URL query string.
2025-07-03T02:12:13.511215900 [MEDIA] Відправлено 5 фото для квартири 33283560
2025-07-03T02:13:38.553864700 [MEDIA] Перевіряю фото: photos/33284551_net_1.webp | Абсолютний шлях: D:\Markiian\DimRiaParser\photos\33284551_net_1.webp | Існує: true
2025-07-03T02:13:38.553864700 [MEDIA] Перевіряю фото: photos/33284551_net_2.webp | Абсолютний шлях: D:\Markiian\DimRiaParser\photos\33284551_net_2.webp | Існує: true
2025-07-03T02:13:38.554865900 [MEDIA] Перевіряю фото: photos/33284551_net_3.webp | Абсолютний шлях: D:\Markiian\DimRiaParser\photos\33284551_net_3.webp | Існує: true
2025-07-03T02:13:38.554865900 [MEDIA] Перевіряю фото: photos/33284551_net_4.webp | Абсолютний шлях: D:\Markiian\DimRiaParser\photos\33284551_net_4.webp | Існує: true
2025-07-03T02:13:38.554865900 [MEDIA] Перевіряю фото: photos/33284551_net_5.webp | Абсолютний шлях: D:\Markiian\DimRiaParser\photos\33284551_net_5.webp | Існує: true
2025-07-03T02:13:38.572872500 [PHOTO] Фото знайдено, але jsoup не може завантажити. Відправляю тільки текст для квартири 33284551
2025-07-03T02:13:38.855956400 [MESSAGE] Помилка відправки повідомлення: HTTP error fetching URL. Status=400, URL=[https://api.telegram.org/bot7731493593:AAGK9ckp-CeIpbSRzxIphKF59jhL7n1UnP8/sendMessage]
2025-07-03T02:13:38.855956400 [PHOTO] Фото знайдено, але jsoup не може завантажити. Відправляю тільки текст для квартири 33284551
2025-07-03T02:13:38.966371 [MESSAGE] Помилка відправки повідомлення: HTTP error fetching URL. Status=400, URL=[https://api.telegram.org/bot7731493593:AAGK9ckp-CeIpbSRzxIphKF59jhL7n1UnP8/sendMessage]
2025-07-03T02:13:38.967379600 [PHOTO] Фото знайдено, але jsoup не може завантажити. Відправляю тільки текст для квартири 33284551
2025-07-03T02:13:39.069470900 [MESSAGE] Помилка відправки повідомлення: HTTP error fetching URL. Status=400, URL=[https://api.telegram.org/bot7731493593:AAGK9ckp-CeIpbSRzxIphKF59jhL7n1UnP8/sendMessage]
2025-07-03T02:13:39.070443800 [PHOTO] Фото знайдено, але jsoup не може завантажити. Відправляю тільки текст для квартири 33284551
2025-07-03T02:13:39.170326800 [MESSAGE] Помилка відправки повідомлення: HTTP error fetching URL. Status=400, URL=[https://api.telegram.org/bot7731493593:AAGK9ckp-CeIpbSRzxIphKF59jhL7n1UnP8/sendMessage]
2025-07-03T02:13:39.170326800 [PHOTO] Фото знайдено, але jsoup не може завантажити. Відправляю тільки текст для квартири 33284551
2025-07-03T02:13:39.273936800 [MESSAGE] Помилка відправки повідомлення: HTTP error fetching URL. Status=400, URL=[https://api.telegram.org/bot7731493593:AAGK9ckp-CeIpbSRzxIphKF59jhL7n1UnP8/sendMessage]
2025-07-03T02:13:39.273936800 [MEDIA] Відправлено 5 фото для квартири 33284551
2025-07-03T02:13:39.275258900 [MEDIA] Перевіряю фото: photos/33284472_net_1.webp | Абсолютний шлях: D:\Markiian\DimRiaParser\photos\33284472_net_1.webp | Існує: true
2025-07-03T02:13:39.275258900 [MEDIA] Перевіряю фото: photos/33284472_net_2.webp | Абсолютний шлях: D:\Markiian\DimRiaParser\photos\33284472_net_2.webp | Існує: true
2025-07-03T02:13:39.275258900 [MEDIA] Перевіряю фото: photos/33284472_net_3.webp | Абсолютний шлях: D:\Markiian\DimRiaParser\photos\33284472_net_3.webp | Існує: true
2025-07-03T02:13:39.275258900 [MEDIA] Перевіряю фото: photos/33284472_net_4.webp | Абсолютний шлях: D:\Markiian\DimRiaParser\photos\33284472_net_4.webp | Існує: true
2025-07-03T02:13:39.276263200 [MEDIA] Перевіряю фото: photos/33284472_net_5.webp | Абсолютний шлях: D:\Markiian\DimRiaParser\photos\33284472_net_5.webp | Існує: true
2025-07-03T02:13:39.276263200 [PHOTO] Фото знайдено, але jsoup не може завантажити. Відправляю тільки текст для квартири 33284472
2025-07-03T02:13:39.457881600 [PHOTO] Фото знайдено, але jsoup не може завантажити. Відправляю тільки текст для квартири 33284472
2025-07-03T02:13:39.530690900 [PHOTO] Фото знайдено, але jsoup не може завантажити. Відправляю тільки текст для квартири 33284472
2025-07-03T02:13:39.604743800 [PHOTO] Фото знайдено, але jsoup не може завантажити. Відправляю тільки текст для квартири 33284472
2025-07-03T02:13:39.679939700 [PHOTO] Фото знайдено, але jsoup не може завантажити. Відправляю тільки текст для квартири 33284472
2025-07-03T02:13:39.754422800 [MEDIA] Відправлено 5 фото для квартири 33284472
2025-07-03T02:13:39.773062600 [MEDIA] Перевіряю фото: photos/33283064_net_1.webp | Абсолютний шлях: D:\Markiian\DimRiaParser\photos\33283064_net_1.webp | Існує: true
2025-07-03T02:13:39.773062600 [MEDIA] Перевіряю фото: photos/33283064_net_2.webp | Абсолютний шлях: D:\Markiian\DimRiaParser\photos\33283064_net_2.webp | Існує: true
2025-07-03T02:13:39.773062600 [MEDIA] Перевіряю фото: photos/33283064_net_3.webp | Абсолютний шлях: D:\Markiian\DimRiaParser\photos\33283064_net_3.webp | Існує: true
2025-07-03T02:13:39.774061700 [MEDIA] Перевіряю фото: photos/33283064_net_4.webp | Абсолютний шлях: D:\Markiian\DimRiaParser\photos\33283064_net_4.webp | Існує: true
2025-07-03T02:13:39.774061700 [MEDIA] Перевіряю фото: photos/33283064_net_5.webp | Абсолютний шлях: D:\Markiian\DimRiaParser\photos\33283064_net_5.webp | Існує: true
2025-07-03T02:13:39.775082400 [PHOTO] Фото знайдено, але jsoup не може завантажити. Відправляю тільки текст для квартири 33283064
2025-07-03T02:13:39.855948 [PHOTO] Фото знайдено, але jsoup не може завантажити. Відправляю тільки текст для квартири 33283064
2025-07-03T02:13:39.935401400 [PHOTO] Фото знайдено, але jsoup не може завантажити. Відправляю тільки текст для квартири 33283064
2025-07-03T02:13:40.018232 [PHOTO] Фото знайдено, але jsoup не може завантажити. Відправляю тільки текст для квартири 33283064
2025-07-03T02:13:40.093327100 [PHOTO] Фото знайдено, але jsoup не може завантажити. Відправляю тільки текст для квартири 33283064
2025-07-03T02:13:40.170918 [MEDIA] Відправлено 5 фото для квартири 33283064
2025-07-03T02:13:40.170918 [MEDIA] Перевіряю фото: photos/33281637_net_1.webp | Абсолютний шлях: D:\Markiian\DimRiaParser\photos\33281637_net_1.webp | Існує: true
2025-07-03T02:13:40.170918 [MEDIA] Перевіряю фото: photos/33281637_net_2.webp | Абсолютний шлях: D:\Markiian\DimRiaParser\photos\33281637_net_2.webp | Існує: true
2025-07-03T02:13:40.171918600 [MEDIA] Перевіряю фото: photos/33281637_net_3.webp | Абсолютний шлях: D:\Markiian\DimRiaParser\photos\33281637_net_3.webp | Існує: true
2025-07-03T02:13:40.171918600 [MEDIA] Перевіряю фото: photos/33281637_net_4.webp | Абсолютний шлях: D:\Markiian\DimRiaParser\photos\33281637_net_4.webp | Існує: true
2025-07-03T02:13:40.172919800 [MEDIA] Перевіряю фото: photos/33281637_net_5.webp | Абсолютний шлях: D:\Markiian\DimRiaParser\photos\33281637_net_5.webp | Існує: true
2025-07-03T02:13:40.173917800 [PHOTO] Фото знайдено, але jsoup не може завантажити. Відправляю тільки текст для квартири 33281637
2025-07-03T02:13:40.248233700 [PHOTO] Фото знайдено, але jsoup не може завантажити. Відправляю тільки текст для квартири 33281637
2025-07-03T02:13:40.327908900 [PHOTO] Фото знайдено, але jsoup не може завантажити. Відправляю тільки текст для квартири 33281637
2025-07-03T02:13:40.400475 [PHOTO] Фото знайдено, але jsoup не може завантажити. Відправляю тільки текст для квартири 33281637
2025-07-03T02:13:40.472099500 [PHOTO] Фото знайдено, але jsoup не може завантажити. Відправляю тільки текст для квартири 33281637
2025-07-03T02:13:40.546486800 [MEDIA] Відправлено 5 фото для квартири 33281637
2025-07-03T02:14:55.292882800 [MEDIA] Перевіряю фото: photos/33284256_net_1.webp | Абсолютний шлях: D:\Markiian\DimRiaParser\photos\33284256_net_1.webp | Існує: true
2025-07-03T02:14:55.292882800 [MEDIA] Перевіряю фото: photos/33284256_net_2.webp | Абсолютний шлях: D:\Markiian\DimRiaParser\photos\33284256_net_2.webp | Існує: true
2025-07-03T02:14:55.292882800 [MEDIA] Перевіряю фото: photos/33284256_net_3.webp | Абсолютний шлях: D:\Markiian\DimRiaParser\photos\33284256_net_3.webp | Існує: true
2025-07-03T02:14:55.293882700 [MEDIA] Перевіряю фото: photos/33284256_net_4.webp | Абсолютний шлях: D:\Markiian\DimRiaParser\photos\33284256_net_4.webp | Існує: true
2025-07-03T02:14:55.293882700 [MEDIA] Перевіряю фото: photos/33284256_net_5.webp | Абсолютний шлях: D:\Markiian\DimRiaParser\photos\33284256_net_5.webp | Існує: true
2025-07-03T02:14:55.616514700 [PHOTO] Відповідь Telegram sendPhoto (код 400): {"ok":false,"error_code":400,"description":"Bad Request: chat not found"}
2025-07-03T02:14:55.617520600 [PHOTO] HTTP помилка 400 для квартири 33284256
2025-07-03T02:14:55.657623600 [PHOTO] Відповідь Telegram sendPhoto (код 400): {"ok":false,"error_code":400,"description":"Bad Request: chat not found"}
2025-07-03T02:14:55.657623600 [PHOTO] HTTP помилка 400 для квартири 33284256
2025-07-03T02:14:55.697997700 [PHOTO] Відповідь Telegram sendPhoto (код 400): {"ok":false,"error_code":400,"description":"Bad Request: chat not found"}
2025-07-03T02:14:55.697997700 [PHOTO] HTTP помилка 400 для квартири 33284256
2025-07-03T02:14:55.736380500 [PHOTO] Відповідь Telegram sendPhoto (код 400): {"ok":false,"error_code":400,"description":"Bad Request: chat not found"}
2025-07-03T02:14:55.737379700 [PHOTO] HTTP помилка 400 для квартири 33284256
2025-07-03T02:14:55.775767500 [PHOTO] Відповідь Telegram sendPhoto (код 400): {"ok":false,"error_code":400,"description":"Bad Request: chat not found"}
2025-07-03T02:14:55.777064 [PHOTO] HTTP помилка 400 для квартири 33284256
2025-07-03T02:14:55.777064 [MEDIA] Відправлено 5 фото для квартири 33284256
2025-07-03T02:14:55.778026900 [MEDIA] Перевіряю фото: photos/33284203_net_1.webp | Абсолютний шлях: D:\Markiian\DimRiaParser\photos\33284203_net_1.webp | Існує: true
2025-07-03T02:14:55.778026900 [MEDIA] Перевіряю фото: photos/33284203_net_2.webp | Абсолютний шлях: D:\Markiian\DimRiaParser\photos\33284203_net_2.webp | Існує: true
2025-07-03T02:14:55.778026900 [MEDIA] Перевіряю фото: photos/33284203_net_3.webp | Абсолютний шлях: D:\Markiian\DimRiaParser\photos\33284203_net_3.webp | Існує: true
2025-07-03T02:14:55.778026900 [MEDIA] Перевіряю фото: photos/33284203_net_4.webp | Абсолютний шлях: D:\Markiian\DimRiaParser\photos\33284203_net_4.webp | Існує: true
2025-07-03T02:14:55.778026900 [MEDIA] Перевіряю фото: photos/33284203_net_5.webp | Абсолютний шлях: D:\Markiian\DimRiaParser\photos\33284203_net_5.webp | Існує: true
2025-07-03T02:14:55.814052100 [PHOTO] Відповідь Telegram sendPhoto (код 400): {"ok":false,"error_code":400,"description":"Bad Request: message caption is too long"}
2025-07-03T02:14:55.815046200 [PHOTO] HTTP помилка 400 для квартири 33284203
2025-07-03T02:14:55.848144900 [PHOTO] Відповідь Telegram sendPhoto (код 400): {"ok":false,"error_code":400,"description":"Bad Request: message caption is too long"}
2025-07-03T02:14:55.848144900 [PHOTO] HTTP помилка 400 для квартири 33284203
2025-07-03T02:14:55.881595500 [PHOTO] Відповідь Telegram sendPhoto (код 400): {"ok":false,"error_code":400,"description":"Bad Request: message caption is too long"}
2025-07-03T02:14:55.882935600 [PHOTO] HTTP помилка 400 для квартири 33284203
2025-07-03T02:14:55.916839400 [PHOTO] Відповідь Telegram sendPhoto (код 400): {"ok":false,"error_code":400,"description":"Bad Request: message caption is too long"}
2025-07-03T02:14:55.916839400 [PHOTO] HTTP помилка 400 для квартири 33284203
2025-07-03T02:14:55.951719600 [PHOTO] Відповідь Telegram sendPhoto (код 400): {"ok":false,"error_code":400,"description":"Bad Request: message caption is too long"}
2025-07-03T02:14:55.951719600 [PHOTO] HTTP помилка 400 для квартири 33284203
2025-07-03T02:14:55.951719600 [MEDIA] Відправлено 5 фото для квартири 33284203
2025-07-03T02:14:55.979246600 [MEDIA] Перевіряю фото: photos/33281613_net_1.webp | Абсолютний шлях: D:\Markiian\DimRiaParser\photos\33281613_net_1.webp | Існує: true
2025-07-03T02:14:55.979246600 [MEDIA] Перевіряю фото: photos/33281613_net_2.webp | Абсолютний шлях: D:\Markiian\DimRiaParser\photos\33281613_net_2.webp | Існує: true
2025-07-03T02:14:55.979946 [MEDIA] Перевіряю фото: photos/33281613_net_3.webp | Абсолютний шлях: D:\Markiian\DimRiaParser\photos\33281613_net_3.webp | Існує: true
2025-07-03T02:14:55.979946 [MEDIA] Перевіряю фото: photos/33281613_net_4.webp | Абсолютний шлях: D:\Markiian\DimRiaParser\photos\33281613_net_4.webp | Існує: true
2025-07-03T02:14:55.979946 [MEDIA] Перевіряю фото: photos/33281613_net_5.webp | Абсолютний шлях: D:\Markiian\DimRiaParser\photos\33281613_net_5.webp | Існує: true
2025-07-03T02:14:56.204550 [PHOTO] Відповідь Telegram sendPhoto (код 200): {"ok":true,"result":{"message_id":9,"sender_chat":{"id":-1002751273850,"title":"Franyk#1","username":"DimRiaParser_Franyk_1","type":"channel"},"chat":{"id":-1002751273850,"title":"Franyk#1","username":"DimRiaParser_Franyk_1","type":"channel"},"date":1751498096,"photo":[{"file_id":"AgACAgIAAyEGAASj_Rt6AAMJaGW9cGc0PSCiFNPgOBgL0rZunM0AAp8EMhtDAjBLFyBGNpWQslsBAAMCAANzAAM2BA","file_unique_id":"AQADnwQyG0MCMEt4","file_size":1423,"width":90,"height":67},{"file_id":"AgACAgIAAyEGAASj_Rt6AAMJaGW9cGc0PSCiFNPgOBgL0rZunM0AAp8EMhtDAjBLFyBGNpWQslsBAAMCAANtAAM2BA","file_unique_id":"AQADnwQyG0MCMEty","file_size":20336,"width":320,"height":240},{"file_id":"AgACAgIAAyEGAASj_Rt6AAMJaGW9cGc0PSCiFNPgOBgL0rZunM0AAp8EMhtDAjBLFyBGNpWQslsBAAMCAAN4AAM2BA","file_unique_id":"AQADnwQyG0MCMEt9","file_size":92603,"width":800,"height":600}],"caption":"\u041d\u041e\u0412\u0410 \u041a\u0412\u0410\u0420\u0422\u0418\u0420\u0410 \u0414\u041b\u042f \u041e\u0420\u0415\u041d\u0414\u0418\n\u041e\u043f\u0438\u0441: \u0414\u043e \u043e\u0440\u0435\u043d\u0434\u0438 \u043f\u0440\u043e\u043f\u043e\u043d\u0443\u0454\u0442\u044c\u0441\u044f 2 \u0445 \u043a\u0456\u043c \u043a\u0432\u0430\u0440\u0442\u0438\u0440\u0430 \u0432 \u043e\u0431\u0436\u0438\u0442\u0456\u0439 \u043d\u043e\u0432\u043e\u0431\u0443\u0434\u043e\u0432\u0456. \u0417\u0430\u043a\u0440\u0438\u0442\u0438\u0439 \u0434\u0432\u0456\u0440, \u043f\u043e\u0440\u0443\u0447 \u043f\u0430\u0440\u043a \u0428\u0435\u0432\u0447\u0435\u043d\u043a\u0430 \u0442\u0430 \u043c\u0456\u0441\u044c\u043a\u0435 \u043e\u0437\u0435\u0440\u043e. \u0422\u043e\u0440\u0433\u043e\u0432\u0456 \u0446\u0435\u043d\u0442\u0440\u0438, \u0430\u0432\u0442\u043e\u0431\u0443\u0441\u043d\u0456 \u0437\u0443\u043f\u0438\u043d\u043a\u0438, \u0448\u043a\u043e\u043b\u0430, \u0434\u0438\u0442\u044f\u0447\u0438\u0439 \u0441\u0430\u0434\u043e\u043a. \u0412\u0456\u043b\u044c\u043d\u0430 \u0442\u0430 \u0433\u043e\u0442\u043e\u0432\u0430 \u0434\u043e \u0437\u0430\u0441\u0435\u043b\u0435\u043d\u043d\u044f! \u0422\u0435\u043b\u0435\u0444\u043e\u043d\u0443\u0439\u0442\u0435!\n\u0410\u0434\u0440\u0435\u0441\u0430: \u0432\u0443\u043b. \u0413\u0435\u0442\u044c\u043c\u0430\u043d\u0430 \u0406\u0432\u0430\u043d\u0430 \u041c\u0430\u0437\u0435\u043f\u0438, \u0431\u0443\u0434. 165\n\u0426\u0456\u043d\u0430: 350 $\n\u041f\u043e\u0432\u0435\u0440\u0445: 6/10\n\u041a\u0456\u043c\u043d\u0430\u0442: 2\n\u041f\u043b\u043e\u0449\u0430: 64.0 \u043c\u00b2\n\u0422\u0435\u043b\u0435\u0444\u043e\u043d: (066) 710 68 44"}}
2025-07-03T02:14:56.438639400 [PHOTO] Відповідь Telegram sendPhoto (код 200): {"ok":true,"result":{"message_id":10,"sender_chat":{"id":-1002751273850,"title":"Franyk#1","username":"DimRiaParser_Franyk_1","type":"channel"},"chat":{"id":-1002751273850,"title":"Franyk#1","username":"DimRiaParser_Franyk_1","type":"channel"},"date":1751498096,"photo":[{"file_id":"AgACAgIAAyEGAASj_Rt6AAMKaGW9cAcmlgFnX_KHaQuBV-2kzQwAAqAEMhtDAjBLeiOi7MXYaAMBAAMCAANzAAM2BA","file_unique_id":"AQADoAQyG0MCMEt4","file_size":1551,"width":67,"height":90},{"file_id":"AgACAgIAAyEGAASj_Rt6AAMKaGW9cAcmlgFnX_KHaQuBV-2kzQwAAqAEMhtDAjBLeiOi7MXYaAMBAAMCAANtAAM2BA","file_unique_id":"AQADoAQyG0MCMEty","file_size":26995,"width":240,"height":320},{"file_id":"AgACAgIAAyEGAASj_Rt6AAMKaGW9cAcmlgFnX_KHaQuBV-2kzQwAAqAEMhtDAjBLeiOi7MXYaAMBAAMCAAN4AAM2BA","file_unique_id":"AQADoAQyG0MCMEt9","file_size":125851,"width":600,"height":800}],"caption":"\u041d\u041e\u0412\u0410 \u041a\u0412\u0410\u0420\u0422\u0418\u0420\u0410 \u0414\u041b\u042f \u041e\u0420\u0415\u041d\u0414\u0418\n\u041e\u043f\u0438\u0441: \u0414\u043e \u043e\u0440\u0435\u043d\u0434\u0438 \u043f\u0440\u043e\u043f\u043e\u043d\u0443\u0454\u0442\u044c\u0441\u044f 2 \u0445 \u043a\u0456\u043c \u043a\u0432\u0430\u0440\u0442\u0438\u0440\u0430 \u0432 \u043e\u0431\u0436\u0438\u0442\u0456\u0439 \u043d\u043e\u0432\u043e\u0431\u0443\u0434\u043e\u0432\u0456. \u0417\u0430\u043a\u0440\u0438\u0442\u0438\u0439 \u0434\u0432\u0456\u0440, \u043f\u043e\u0440\u0443\u0447 \u043f\u0430\u0440\u043a \u0428\u0435\u0432\u0447\u0435\u043d\u043a\u0430 \u0442\u0430 \u043c\u0456\u0441\u044c\u043a\u0435 \u043e\u0437\u0435\u0440\u043e. \u0422\u043e\u0440\u0433\u043e\u0432\u0456 \u0446\u0435\u043d\u0442\u0440\u0438, \u0430\u0432\u0442\u043e\u0431\u0443\u0441\u043d\u0456 \u0437\u0443\u043f\u0438\u043d\u043a\u0438, \u0448\u043a\u043e\u043b\u0430, \u0434\u0438\u0442\u044f\u0447\u0438\u0439 \u0441\u0430\u0434\u043e\u043a. \u0412\u0456\u043b\u044c\u043d\u0430 \u0442\u0430 \u0433\u043e\u0442\u043e\u0432\u0430 \u0434\u043e \u0437\u0430\u0441\u0435\u043b\u0435\u043d\u043d\u044f! \u0422\u0435\u043b\u0435\u0444\u043e\u043d\u0443\u0439\u0442\u0435!\n\u0410\u0434\u0440\u0435\u0441\u0430: \u0432\u0443\u043b. \u0413\u0435\u0442\u044c\u043c\u0430\u043d\u0430 \u0406\u0432\u0430\u043d\u0430 \u041c\u0430\u0437\u0435\u043f\u0438, \u0431\u0443\u0434. 165\n\u0426\u0456\u043d\u0430: 350 $\n\u041f\u043e\u0432\u0435\u0440\u0445: 6/10\n\u041a\u0456\u043c\u043d\u0430\u0442: 2\n\u041f\u043b\u043e\u0449\u0430: 64.0 \u043c\u00b2\n\u0422\u0435\u043b\u0435\u0444\u043e\u043d: (066) 710 68 44"}}
2025-07-03T02:14:56.620380300 [PHOTO] Відповідь Telegram sendPhoto (код 200): {"ok":true,"result":{"message_id":11,"sender_chat":{"id":-1002751273850,"title":"Franyk#1","username":"DimRiaParser_Franyk_1","type":"channel"},"chat":{"id":-1002751273850,"title":"Franyk#1","username":"DimRiaParser_Franyk_1","type":"channel"},"date":1751498097,"photo":[{"file_id":"AgACAgIAAyEGAASj_Rt6AAMLaGW9cXyrHDQjds7BDDAT0dOeZ8wAAqEEMhtDAjBLtSvGQm0ZkPQBAAMCAANzAAM2BA","file_unique_id":"AQADoQQyG0MCMEt4","file_size":1291,"width":67,"height":90},{"file_id":"AgACAgIAAyEGAASj_Rt6AAMLaGW9cXyrHDQjds7BDDAT0dOeZ8wAAqEEMhtDAjBLtSvGQm0ZkPQBAAMCAANtAAM2BA","file_unique_id":"AQADoQQyG0MCMEty","file_size":18157,"width":240,"height":320},{"file_id":"AgACAgIAAyEGAASj_Rt6AAMLaGW9cXyrHDQjds7BDDAT0dOeZ8wAAqEEMhtDAjBLtSvGQm0ZkPQBAAMCAAN4AAM2BA","file_unique_id":"AQADoQQyG0MCMEt9","file_size":79389,"width":600,"height":800}],"caption":"\u041d\u041e\u0412\u0410 \u041a\u0412\u0410\u0420\u0422\u0418\u0420\u0410 \u0414\u041b\u042f \u041e\u0420\u0415\u041d\u0414\u0418\n\u041e\u043f\u0438\u0441: \u0414\u043e \u043e\u0440\u0435\u043d\u0434\u0438 \u043f\u0440\u043e\u043f\u043e\u043d\u0443\u0454\u0442\u044c\u0441\u044f 2 \u0445 \u043a\u0456\u043c \u043a\u0432\u0430\u0440\u0442\u0438\u0440\u0430 \u0432 \u043e\u0431\u0436\u0438\u0442\u0456\u0439 \u043d\u043e\u0432\u043e\u0431\u0443\u0434\u043e\u0432\u0456. \u0417\u0430\u043a\u0440\u0438\u0442\u0438\u0439 \u0434\u0432\u0456\u0440, \u043f\u043e\u0440\u0443\u0447 \u043f\u0430\u0440\u043a \u0428\u0435\u0432\u0447\u0435\u043d\u043a\u0430 \u0442\u0430 \u043c\u0456\u0441\u044c\u043a\u0435 \u043e\u0437\u0435\u0440\u043e. \u0422\u043e\u0440\u0433\u043e\u0432\u0456 \u0446\u0435\u043d\u0442\u0440\u0438, \u0430\u0432\u0442\u043e\u0431\u0443\u0441\u043d\u0456 \u0437\u0443\u043f\u0438\u043d\u043a\u0438, \u0448\u043a\u043e\u043b\u0430, \u0434\u0438\u0442\u044f\u0447\u0438\u0439 \u0441\u0430\u0434\u043e\u043a. \u0412\u0456\u043b\u044c\u043d\u0430 \u0442\u0430 \u0433\u043e\u0442\u043e\u0432\u0430 \u0434\u043e \u0437\u0430\u0441\u0435\u043b\u0435\u043d\u043d\u044f! \u0422\u0435\u043b\u0435\u0444\u043e\u043d\u0443\u0439\u0442\u0435!\n\u0410\u0434\u0440\u0435\u0441\u0430: \u0432\u0443\u043b. \u0413\u0435\u0442\u044c\u043c\u0430\u043d\u0430 \u0406\u0432\u0430\u043d\u0430 \u041c\u0430\u0437\u0435\u043f\u0438, \u0431\u0443\u0434. 165\n\u0426\u0456\u043d\u0430: 350 $\n\u041f\u043e\u0432\u0435\u0440\u0445: 6/10\n\u041a\u0456\u043c\u043d\u0430\u0442: 2\n\u041f\u043b\u043e\u0449\u0430: 64.0 \u043c\u00b2\n\u0422\u0435\u043b\u0435\u0444\u043e\u043d: (066) 710 68 44"}}
2025-07-03T02:14:56.804412900 [PHOTO] Відповідь Telegram sendPhoto (код 200): {"ok":true,"result":{"message_id":12,"sender_chat":{"id":-1002751273850,"title":"Franyk#1","username":"DimRiaParser_Franyk_1","type":"channel"},"chat":{"id":-1002751273850,"title":"Franyk#1","username":"DimRiaParser_Franyk_1","type":"channel"},"date":1751498097,"photo":[{"file_id":"AgACAgIAAyEGAASj_Rt6AAMMaGW9cWiqtdjyCXu75X5QUm96I98AAqIEMhtDAjBL_td1HypylPUBAAMCAANzAAM2BA","file_unique_id":"AQADogQyG0MCMEt4","file_size":1470,"width":67,"height":90},{"file_id":"AgACAgIAAyEGAASj_Rt6AAMMaGW9cWiqtdjyCXu75X5QUm96I98AAqIEMhtDAjBL_td1HypylPUBAAMCAANtAAM2BA","file_unique_id":"AQADogQyG0MCMEty","file_size":19428,"width":240,"height":320},{"file_id":"AgACAgIAAyEGAASj_Rt6AAMMaGW9cWiqtdjyCXu75X5QUm96I98AAqIEMhtDAjBL_td1HypylPUBAAMCAAN4AAM2BA","file_unique_id":"AQADogQyG0MCMEt9","file_size":84847,"width":600,"height":800}],"caption":"\u041d\u041e\u0412\u0410 \u041a\u0412\u0410\u0420\u0422\u0418\u0420\u0410 \u0414\u041b\u042f \u041e\u0420\u0415\u041d\u0414\u0418\n\u041e\u043f\u0438\u0441: \u0414\u043e \u043e\u0440\u0435\u043d\u0434\u0438 \u043f\u0440\u043e\u043f\u043e\u043d\u0443\u0454\u0442\u044c\u0441\u044f 2 \u0445 \u043a\u0456\u043c \u043a\u0432\u0430\u0440\u0442\u0438\u0440\u0430 \u0432 \u043e\u0431\u0436\u0438\u0442\u0456\u0439 \u043d\u043e\u0432\u043e\u0431\u0443\u0434\u043e\u0432\u0456. \u0417\u0430\u043a\u0440\u0438\u0442\u0438\u0439 \u0434\u0432\u0456\u0440, \u043f\u043e\u0440\u0443\u0447 \u043f\u0430\u0440\u043a \u0428\u0435\u0432\u0447\u0435\u043d\u043a\u0430 \u0442\u0430 \u043c\u0456\u0441\u044c\u043a\u0435 \u043e\u0437\u0435\u0440\u043e. \u0422\u043e\u0440\u0433\u043e\u0432\u0456 \u0446\u0435\u043d\u0442\u0440\u0438, \u0430\u0432\u0442\u043e\u0431\u0443\u0441\u043d\u0456 \u0437\u0443\u043f\u0438\u043d\u043a\u0438, \u0448\u043a\u043e\u043b\u0430, \u0434\u0438\u0442\u044f\u0447\u0438\u0439 \u0441\u0430\u0434\u043e\u043a. \u0412\u0456\u043b\u044c\u043d\u0430 \u0442\u0430 \u0433\u043e\u0442\u043e\u0432\u0430 \u0434\u043e \u0437\u0430\u0441\u0435\u043b\u0435\u043d\u043d\u044f! \u0422\u0435\u043b\u0435\u0444\u043e\u043d\u0443\u0439\u0442\u0435!\n\u0410\u0434\u0440\u0435\u0441\u0430: \u0432\u0443\u043b. \u0413\u0435\u0442\u044c\u043c\u0430\u043d\u0430 \u0406\u0432\u0430\u043d\u0430 \u041c\u0430\u0437\u0435\u043f\u0438, \u0431\u0443\u0434. 165\n\u0426\u0456\u043d\u0430: 350 $\n\u041f\u043e\u0432\u0435\u0440\u0445: 6/10\n\u041a\u0456\u043c\u043d\u0430\u0442: 2\n\u041f\u043b\u043e\u0449\u0430: 64.0 \u043c\u00b2\n\u0422\u0435\u043b\u0435\u0444\u043e\u043d: (066) 710 68 44"}}
2025-07-03T02:14:56.972059100 [PHOTO] Відповідь Telegram sendPhoto (код 200): {"ok":true,"result":{"message_id":13,"sender_chat":{"id":-1002751273850,"title":"Franyk#1","username":"DimRiaParser_Franyk_1","type":"channel"},"chat":{"id":-1002751273850,"title":"Franyk#1","username":"DimRiaParser_Franyk_1","type":"channel"},"date":1751498097,"photo":[{"file_id":"AgACAgIAAyEGAASj_Rt6AAMNaGW9cezHUr37T9Fmnp_i7bDdxMIAAqMEMhtDAjBLQyF9iwABTmf3AQADAgADcwADNgQ","file_unique_id":"AQADowQyG0MCMEt4","file_size":1553,"width":67,"height":90},{"file_id":"AgACAgIAAyEGAASj_Rt6AAMNaGW9cezHUr37T9Fmnp_i7bDdxMIAAqMEMhtDAjBLQyF9iwABTmf3AQADAgADbQADNgQ","file_unique_id":"AQADowQyG0MCMEty","file_size":22647,"width":240,"height":320},{"file_id":"AgACAgIAAyEGAASj_Rt6AAMNaGW9cezHUr37T9Fmnp_i7bDdxMIAAqMEMhtDAjBLQyF9iwABTmf3AQADAgADeAADNgQ","file_unique_id":"AQADowQyG0MCMEt9","file_size":97808,"width":600,"height":800}],"caption":"\u041d\u041e\u0412\u0410 \u041a\u0412\u0410\u0420\u0422\u0418\u0420\u0410 \u0414\u041b\u042f \u041e\u0420\u0415\u041d\u0414\u0418\n\u041e\u043f\u0438\u0441: \u0414\u043e \u043e\u0440\u0435\u043d\u0434\u0438 \u043f\u0440\u043e\u043f\u043e\u043d\u0443\u0454\u0442\u044c\u0441\u044f 2 \u0445 \u043a\u0456\u043c \u043a\u0432\u0430\u0440\u0442\u0438\u0440\u0430 \u0432 \u043e\u0431\u0436\u0438\u0442\u0456\u0439 \u043d\u043e\u0432\u043e\u0431\u0443\u0434\u043e\u0432\u0456. \u0417\u0430\u043a\u0440\u0438\u0442\u0438\u0439 \u0434\u0432\u0456\u0440, \u043f\u043e\u0440\u0443\u0447 \u043f\u0430\u0440\u043a \u0428\u0435\u0432\u0447\u0435\u043d\u043a\u0430 \u0442\u0430 \u043c\u0456\u0441\u044c\u043a\u0435 \u043e\u0437\u0435\u0440\u043e. \u0422\u043e\u0440\u0433\u043e\u0432\u0456 \u0446\u0435\u043d\u0442\u0440\u0438, \u0430\u0432\u0442\u043e\u0431\u0443\u0441\u043d\u0456 \u0437\u0443\u043f\u0438\u043d\u043a\u0438, \u0448\u043a\u043e\u043b\u0430, \u0434\u0438\u0442\u044f\u0447\u0438\u0439 \u0441\u0430\u0434\u043e\u043a. \u0412\u0456\u043b\u044c\u043d\u0430 \u0442\u0430 \u0433\u043e\u0442\u043e\u0432\u0430 \u0434\u043e \u0437\u0430\u0441\u0435\u043b\u0435\u043d\u043d\u044f! \u0422\u0435\u043b\u0435\u0444\u043e\u043d\u0443\u0439\u0442\u0435!\n\u0410\u0434\u0440\u0435\u0441\u0430: \u0432\u0443\u043b. \u0413\u0435\u0442\u044c\u043c\u0430\u043d\u0430 \u0406\u0432\u0430\u043d\u0430 \u041c\u0430\u0437\u0435\u043f\u0438, \u0431\u0443\u0434. 165\n\u0426\u0456\u043d\u0430: 350 $\n\u041f\u043e\u0432\u0435\u0440\u0445: 6/10\n\u041a\u0456\u043c\u043d\u0430\u0442: 2\n\u041f\u043b\u043e\u0449\u0430: 64.0 \u043c\u00b2\n\u0422\u0435\u043b\u0435\u0444\u043e\u043d: (066) 710 68 44"}}
2025-07-03T02:14:56.973058500 [MEDIA] Відправлено 5 фото для квартири 33281613
2025-07-03T02:14:56.974070200 [MEDIA] Перевіряю фото: photos/33279299_net_1.webp | Абсолютний шлях: D:\Markiian\DimRiaParser\photos\33279299_net_1.webp | Існує: true
2025-07-03T02:14:56.974070200 [MEDIA] Перевіряю фото: photos/33279299_net_2.webp | Абсолютний шлях: D:\Markiian\DimRiaParser\photos\33279299_net_2.webp | Існує: true
2025-07-03T02:14:56.975057100 [MEDIA] Перевіряю фото: photos/33279299_net_3.webp | Абсолютний шлях: D:\Markiian\DimRiaParser\photos\33279299_net_3.webp | Існує: true
2025-07-03T02:14:56.975057100 [MEDIA] Перевіряю фото: photos/33279299_net_4.webp | Абсолютний шлях: D:\Markiian\DimRiaParser\photos\33279299_net_4.webp | Існує: true
2025-07-03T02:14:56.975057100 [MEDIA] Перевіряю фото: photos/33279299_net_5.webp | Абсолютний шлях: D:\Markiian\DimRiaParser\photos\33279299_net_5.webp | Існує: true
2025-07-03T02:14:57.197232 [PHOTO] Відповідь Telegram sendPhoto (код 200): {"ok":true,"result":{"message_id":10,"sender_chat":{"id":-1002551159094,"title":"Franyk#2","username":"DimRiaParser_Franyk_2","type":"channel"},"chat":{"id":-1002551159094,"title":"Franyk#2","username":"DimRiaParser_Franyk_2","type":"channel"},"date":1751498097,"photo":[{"file_id":"AgACAgIAAyEGAASYD5k2AAMKaGW9ccI1BI7EcUHoteFTzU8DPvEAAoD0MRvYHylLo5RIo4RsvkwBAAMCAANzAAM2BA","file_unique_id":"AQADgPQxG9gfKUt4","file_size":1234,"width":67,"height":90},{"file_id":"AgACAgIAAyEGAASYD5k2AAMKaGW9ccI1BI7EcUHoteFTzU8DPvEAAoD0MRvYHylLo5RIo4RsvkwBAAMCAANtAAM2BA","file_unique_id":"AQADgPQxG9gfKUty","file_size":16151,"width":240,"height":320},{"file_id":"AgACAgIAAyEGAASYD5k2AAMKaGW9ccI1BI7EcUHoteFTzU8DPvEAAoD0MRvYHylLo5RIo4RsvkwBAAMCAAN4AAM2BA","file_unique_id":"AQADgPQxG9gfKUt9","file_size":66751,"width":600,"height":800}],"caption":"\u041d\u041e\u0412\u0410 \u041a\u0412\u0410\u0420\u0422\u0418\u0420\u0410 \u0414\u041b\u042f \u041e\u0420\u0415\u041d\u0414\u0418\n\u041e\u043f\u0438\u0441: \u0412\u043f\u0435\u0440\u0448\u0435 \u0432 \u043e\u0440\u0435\u043d\u0434\u0443! \u0423\u043a\u043e\u043c\u043f\u043b\u0435\u043a\u0442\u043e\u0432\u0430\u043d\u0430 2-\u043a\u0456\u043c\u043d\u0430\u0442\u043d\u0430 \u043a\u0432\u0430\u0440\u0442\u0438\u0440\u0430 \u0432 \u0441\u0430\u043c\u043e\u043c\u0443 \u0446\u0435\u043d\u0442\u0440\u0456 \u043c\u0456\u0441\u0442\u0430\n\u0413\u043e\u0442\u043e\u0432\u0430 \u0434\u043e \u0437\u0430\u0441\u0435\u043b\u0435\u043d\u043d\u044f  \u0456\u0434\u0435\u0430\u043b\u044c\u043d\u0438\u0439 \u0432\u0430\u0440\u0456\u0430\u043d\u0442 \u0434\u043b\u044f \u043a\u043e\u043c\u0444\u043e\u0440\u0442\u043d\u043e\u0433\u043e \u0436\u0438\u0442\u0442\u044f!\n\n\u041f\u043b\u0430\u043d\u0443\u0432\u0430\u043d\u043d\u044f \u0442\u0430 \u043e\u0441\u043e\u0431\u043b\u0438\u0432\u043e\u0441\u0442\u0456:\n\n\u0414\u0432\u0456 \u043e\u043a\u0440\u0435\u043c\u0456 \u043a\u0456\u043c\u043d\u0430\u0442\u0438 + \u043f\u0440\u043e\u0441\u0442\u043e\u0440\u0430 \u043a\u0443\u0445\u043d\u044f-\u0441\u0442\u0443\u0434\u0456\u044f\n\n\u0420\u043e\u0437\u0434\u0456\u043b\u044c\u043d\u0456 \u0441\u0430\u043d\u0432\u0443\u0437\u043b\u0438  \u0437\u0440\u0443\u0447\u043d\u043e \u0434\u043b\u044f \u0449\u043e\u0434\u0435\u043d\u043d\u043e\u0433\u043e \u043a\u043e\u0440\u0438\u0441\u0442\u0443\u0432\u0430\u043d\u043d\u044f\n\n\u0422\u0435\u043f\u043b\u0430 \u043f\u0456\u0434\u043b\u043e\u0433\u0430 \u0432 \u0437\u043e\u043d\u0430\u0445 \u043f\u043b\u0438\u0442\u043a\u0438 \u0434\u043b\u044f \u0432\u0430\u0448\u043e\u0433\u043e \u043a\u043e\u043c\u0444\u043e\u0440\u0442\u0443\n\n\u0421\u0443\u0447\u0430\u0441\u043d\u0430 \u0442\u0435\u0445\u043d\u0456\u043a\u0430: \u0456\u043d\u0434\u0443\u043a\u0446\u0456\u0439\u043d\u0430 \u043f\u043b\u0438\u0442\u0430, \u0434\u0443\u0445\u043e\u0432\u0430 \u0448\u0430\u0444\u0430, \u043c\u0456\u043a\u0440\u043e\u0445\u0432\u0438\u043b\u044c\u043e\u0432\u0430 \u043f\u0456\u0447, \u0445\u043e\u043b\u043e\u0434\u0438\u043b\u044c\u043d\u0438\u043a, \u043f\u043e\u0441\u0443\u0434\u043e\u043c\u0438\u0439\u043d\u0430 \u043c\u0430\u0448\u0438\u043d\u0430, \u0442\u0435\u043b\u0435\u0432\u0456\u0437\u043e\u0440, \u043a\u043e\u043d\u0434\u0438\u0446\u0456\u043e\u043d\u0435\u0440\n\n\u041f\u0435\u0440\u0448\u0430 \u0437\u0434\u0430\u0447\u0430  \u0449\u0435 \u043d\u0456\u0445\u0442\u043e \u043d\u0435 \u0436\u0438\u0432!\n\n\u0417\u0430\u043a\u0440\u0438\u0442\u0430 \u0442\u0435\u0440\u0438\u0442\u043e\u0440\u0456\u044f  \u0431\u0435\u0437\u043f\u0435\u043a\u0430 \u0442\u0430 \u0442\u0438\u0448\u0430\n\n\u041f\u0456\u0434\u0437\u0435\u043c\u043d\u0438\u0439 \u043f\u0430\u0440\u043a\u0456\u043d\u0433  \u0431\u0435\u0437 \u043f\u0440\u043e\u0431\u043b\u0435\u043c \u0437 \u0430\u0432\u0442\u043e\n\n\u0422\u0435\u043b\u0435\u0444\u043e\u043d\u0443\u0439\u0442\u0435 \u0434\u043b\u044f \u0448\u0432\u0438\u0434\u043a\u043e\u0433\u043e \u043f\u043e\u043a\u0430\u0437\u0443!\n\u0422\u0430\u043a\u0456 \u0432\u0430\u0440\u0456\u0430\u043d\u0442\u0438 \u0434\u043e\u0432\u0433\u043e \u043d\u0435 \u0437\u0430\u0442\u0440\u0438\u043c\u0443\u044e\u0442\u044c\u0441\u044f.\n\u0410\u0434\u0440\u0435\u0441\u0430: \u0432\u0443\u043b. \u0410\u043d\u0434\u0440\u0456\u044f \u041c\u0435\u043b\u044c\u043d\u0438\u043a\u0430, \u0431\u0443\u0434. \n\u0426\u0456\u043d\u0430: 550 $\n\u041f\u043e\u0432\u0435\u0440\u0445: 3/6\n\u041a\u0456\u043c\u043d\u0430\u0442: 2\n\u041f\u043b\u043e\u0449\u0430: 68.0 \u043c\u00b2\n\u0422\u0435\u043b\u0435\u0444\u043e\u043d: (073) 178 19 92"}}
2025-07-03T02:14:57.369567 [PHOTO] Відповідь Telegram sendPhoto (код 200): {"ok":true,"result":{"message_id":11,"sender_chat":{"id":-1002551159094,"title":"Franyk#2","username":"DimRiaParser_Franyk_2","type":"channel"},"chat":{"id":-1002551159094,"title":"Franyk#2","username":"DimRiaParser_Franyk_2","type":"channel"},"date":1751498097,"photo":[{"file_id":"AgACAgIAAyEGAASYD5k2AAMLaGW9cZWhZvcEwd-jiZUwMeA53KsAAoH0MRvYHylLVa-hVGQJgRcBAAMCAANzAAM2BA","file_unique_id":"AQADgfQxG9gfKUt4","file_size":1152,"width":67,"height":90},{"file_id":"AgACAgIAAyEGAASYD5k2AAMLaGW9cZWhZvcEwd-jiZUwMeA53KsAAoH0MRvYHylLVa-hVGQJgRcBAAMCAANtAAM2BA","file_unique_id":"AQADgfQxG9gfKUty","file_size":15648,"width":240,"height":320},{"file_id":"AgACAgIAAyEGAASYD5k2AAMLaGW9cZWhZvcEwd-jiZUwMeA53KsAAoH0MRvYHylLVa-hVGQJgRcBAAMCAAN4AAM2BA","file_unique_id":"AQADgfQxG9gfKUt9","file_size":67318,"width":600,"height":800}],"caption":"\u041d\u041e\u0412\u0410 \u041a\u0412\u0410\u0420\u0422\u0418\u0420\u0410 \u0414\u041b\u042f \u041e\u0420\u0415\u041d\u0414\u0418\n\u041e\u043f\u0438\u0441: \u0412\u043f\u0435\u0440\u0448\u0435 \u0432 \u043e\u0440\u0435\u043d\u0434\u0443! \u0423\u043a\u043e\u043c\u043f\u043b\u0435\u043a\u0442\u043e\u0432\u0430\u043d\u0430 2-\u043a\u0456\u043c\u043d\u0430\u0442\u043d\u0430 \u043a\u0432\u0430\u0440\u0442\u0438\u0440\u0430 \u0432 \u0441\u0430\u043c\u043e\u043c\u0443 \u0446\u0435\u043d\u0442\u0440\u0456 \u043c\u0456\u0441\u0442\u0430\n\u0413\u043e\u0442\u043e\u0432\u0430 \u0434\u043e \u0437\u0430\u0441\u0435\u043b\u0435\u043d\u043d\u044f  \u0456\u0434\u0435\u0430\u043b\u044c\u043d\u0438\u0439 \u0432\u0430\u0440\u0456\u0430\u043d\u0442 \u0434\u043b\u044f \u043a\u043e\u043c\u0444\u043e\u0440\u0442\u043d\u043e\u0433\u043e \u0436\u0438\u0442\u0442\u044f!\n\n\u041f\u043b\u0430\u043d\u0443\u0432\u0430\u043d\u043d\u044f \u0442\u0430 \u043e\u0441\u043e\u0431\u043b\u0438\u0432\u043e\u0441\u0442\u0456:\n\n\u0414\u0432\u0456 \u043e\u043a\u0440\u0435\u043c\u0456 \u043a\u0456\u043c\u043d\u0430\u0442\u0438 + \u043f\u0440\u043e\u0441\u0442\u043e\u0440\u0430 \u043a\u0443\u0445\u043d\u044f-\u0441\u0442\u0443\u0434\u0456\u044f\n\n\u0420\u043e\u0437\u0434\u0456\u043b\u044c\u043d\u0456 \u0441\u0430\u043d\u0432\u0443\u0437\u043b\u0438  \u0437\u0440\u0443\u0447\u043d\u043e \u0434\u043b\u044f \u0449\u043e\u0434\u0435\u043d\u043d\u043e\u0433\u043e \u043a\u043e\u0440\u0438\u0441\u0442\u0443\u0432\u0430\u043d\u043d\u044f\n\n\u0422\u0435\u043f\u043b\u0430 \u043f\u0456\u0434\u043b\u043e\u0433\u0430 \u0432 \u0437\u043e\u043d\u0430\u0445 \u043f\u043b\u0438\u0442\u043a\u0438 \u0434\u043b\u044f \u0432\u0430\u0448\u043e\u0433\u043e \u043a\u043e\u043c\u0444\u043e\u0440\u0442\u0443\n\n\u0421\u0443\u0447\u0430\u0441\u043d\u0430 \u0442\u0435\u0445\u043d\u0456\u043a\u0430: \u0456\u043d\u0434\u0443\u043a\u0446\u0456\u0439\u043d\u0430 \u043f\u043b\u0438\u0442\u0430, \u0434\u0443\u0445\u043e\u0432\u0430 \u0448\u0430\u0444\u0430, \u043c\u0456\u043a\u0440\u043e\u0445\u0432\u0438\u043b\u044c\u043e\u0432\u0430 \u043f\u0456\u0447, \u0445\u043e\u043b\u043e\u0434\u0438\u043b\u044c\u043d\u0438\u043a, \u043f\u043e\u0441\u0443\u0434\u043e\u043c\u0438\u0439\u043d\u0430 \u043c\u0430\u0448\u0438\u043d\u0430, \u0442\u0435\u043b\u0435\u0432\u0456\u0437\u043e\u0440, \u043a\u043e\u043d\u0434\u0438\u0446\u0456\u043e\u043d\u0435\u0440\n\n\u041f\u0435\u0440\u0448\u0430 \u0437\u0434\u0430\u0447\u0430  \u0449\u0435 \u043d\u0456\u0445\u0442\u043e \u043d\u0435 \u0436\u0438\u0432!\n\n\u0417\u0430\u043a\u0440\u0438\u0442\u0430 \u0442\u0435\u0440\u0438\u0442\u043e\u0440\u0456\u044f  \u0431\u0435\u0437\u043f\u0435\u043a\u0430 \u0442\u0430 \u0442\u0438\u0448\u0430\n\n\u041f\u0456\u0434\u0437\u0435\u043c\u043d\u0438\u0439 \u043f\u0430\u0440\u043a\u0456\u043d\u0433  \u0431\u0435\u0437 \u043f\u0440\u043e\u0431\u043b\u0435\u043c \u0437 \u0430\u0432\u0442\u043e\n\n\u0422\u0435\u043b\u0435\u0444\u043e\u043d\u0443\u0439\u0442\u0435 \u0434\u043b\u044f \u0448\u0432\u0438\u0434\u043a\u043e\u0433\u043e \u043f\u043e\u043a\u0430\u0437\u0443!\n\u0422\u0430\u043a\u0456 \u0432\u0430\u0440\u0456\u0430\u043d\u0442\u0438 \u0434\u043e\u0432\u0433\u043e \u043d\u0435 \u0437\u0430\u0442\u0440\u0438\u043c\u0443\u044e\u0442\u044c\u0441\u044f.\n\u0410\u0434\u0440\u0435\u0441\u0430: \u0432\u0443\u043b. \u0410\u043d\u0434\u0440\u0456\u044f \u041c\u0435\u043b\u044c\u043d\u0438\u043a\u0430, \u0431\u0443\u0434. \n\u0426\u0456\u043d\u0430: 550 $\n\u041f\u043e\u0432\u0435\u0440\u0445: 3/6\n\u041a\u0456\u043c\u043d\u0430\u0442: 2\n\u041f\u043b\u043e\u0449\u0430: 68.0 \u043c\u00b2\n\u0422\u0435\u043b\u0435\u0444\u043e\u043d: (073) 178 19 92"}}
2025-07-03T02:14:57.543003300 [PHOTO] Відповідь Telegram sendPhoto (код 200): {"ok":true,"result":{"message_id":12,"sender_chat":{"id":-1002551159094,"title":"Franyk#2","username":"DimRiaParser_Franyk_2","type":"channel"},"chat":{"id":-1002551159094,"title":"Franyk#2","username":"DimRiaParser_Franyk_2","type":"channel"},"date":1751498098,"photo":[{"file_id":"AgACAgIAAyEGAASYD5k2AAMMaGW9cS9MoVcJtqmtWpbXgaJoY-sAAon2MRtIrChLr5BHHRQyywYBAAMCAANzAAM2BA","file_unique_id":"AQADifYxG0isKEt4","file_size":1028,"width":67,"height":90},{"file_id":"AgACAgIAAyEGAASYD5k2AAMMaGW9cS9MoVcJtqmtWpbXgaJoY-sAAon2MRtIrChLr5BHHRQyywYBAAMCAANtAAM2BA","file_unique_id":"AQADifYxG0isKEty","file_size":12105,"width":240,"height":320},{"file_id":"AgACAgIAAyEGAASYD5k2AAMMaGW9cS9MoVcJtqmtWpbXgaJoY-sAAon2MRtIrChLr5BHHRQyywYBAAMCAAN4AAM2BA","file_unique_id":"AQADifYxG0isKEt9","file_size":51350,"width":600,"height":800}],"caption":"\u041d\u041e\u0412\u0410 \u041a\u0412\u0410\u0420\u0422\u0418\u0420\u0410 \u0414\u041b\u042f \u041e\u0420\u0415\u041d\u0414\u0418\n\u041e\u043f\u0438\u0441: \u0412\u043f\u0435\u0440\u0448\u0435 \u0432 \u043e\u0440\u0435\u043d\u0434\u0443! \u0423\u043a\u043e\u043c\u043f\u043b\u0435\u043a\u0442\u043e\u0432\u0430\u043d\u0430 2-\u043a\u0456\u043c\u043d\u0430\u0442\u043d\u0430 \u043a\u0432\u0430\u0440\u0442\u0438\u0440\u0430 \u0432 \u0441\u0430\u043c\u043e\u043c\u0443 \u0446\u0435\u043d\u0442\u0440\u0456 \u043c\u0456\u0441\u0442\u0430\n\u0413\u043e\u0442\u043e\u0432\u0430 \u0434\u043e \u0437\u0430\u0441\u0435\u043b\u0435\u043d\u043d\u044f  \u0456\u0434\u0435\u0430\u043b\u044c\u043d\u0438\u0439 \u0432\u0430\u0440\u0456\u0430\u043d\u0442 \u0434\u043b\u044f \u043a\u043e\u043c\u0444\u043e\u0440\u0442\u043d\u043e\u0433\u043e \u0436\u0438\u0442\u0442\u044f!\n\n\u041f\u043b\u0430\u043d\u0443\u0432\u0430\u043d\u043d\u044f \u0442\u0430 \u043e\u0441\u043e\u0431\u043b\u0438\u0432\u043e\u0441\u0442\u0456:\n\n\u0414\u0432\u0456 \u043e\u043a\u0440\u0435\u043c\u0456 \u043a\u0456\u043c\u043d\u0430\u0442\u0438 + \u043f\u0440\u043e\u0441\u0442\u043e\u0440\u0430 \u043a\u0443\u0445\u043d\u044f-\u0441\u0442\u0443\u0434\u0456\u044f\n\n\u0420\u043e\u0437\u0434\u0456\u043b\u044c\u043d\u0456 \u0441\u0430\u043d\u0432\u0443\u0437\u043b\u0438  \u0437\u0440\u0443\u0447\u043d\u043e \u0434\u043b\u044f \u0449\u043e\u0434\u0435\u043d\u043d\u043e\u0433\u043e \u043a\u043e\u0440\u0438\u0441\u0442\u0443\u0432\u0430\u043d\u043d\u044f\n\n\u0422\u0435\u043f\u043b\u0430 \u043f\u0456\u0434\u043b\u043e\u0433\u0430 \u0432 \u0437\u043e\u043d\u0430\u0445 \u043f\u043b\u0438\u0442\u043a\u0438 \u0434\u043b\u044f \u0432\u0430\u0448\u043e\u0433\u043e \u043a\u043e\u043c\u0444\u043e\u0440\u0442\u0443\n\n\u0421\u0443\u0447\u0430\u0441\u043d\u0430 \u0442\u0435\u0445\u043d\u0456\u043a\u0430: \u0456\u043d\u0434\u0443\u043a\u0446\u0456\u0439\u043d\u0430 \u043f\u043b\u0438\u0442\u0430, \u0434\u0443\u0445\u043e\u0432\u0430 \u0448\u0430\u0444\u0430, \u043c\u0456\u043a\u0440\u043e\u0445\u0432\u0438\u043b\u044c\u043e\u0432\u0430 \u043f\u0456\u0447, \u0445\u043e\u043b\u043e\u0434\u0438\u043b\u044c\u043d\u0438\u043a, \u043f\u043e\u0441\u0443\u0434\u043e\u043c\u0438\u0439\u043d\u0430 \u043c\u0430\u0448\u0438\u043d\u0430, \u0442\u0435\u043b\u0435\u0432\u0456\u0437\u043e\u0440, \u043a\u043e\u043d\u0434\u0438\u0446\u0456\u043e\u043d\u0435\u0440\n\n\u041f\u0435\u0440\u0448\u0430 \u0437\u0434\u0430\u0447\u0430  \u0449\u0435 \u043d\u0456\u0445\u0442\u043e \u043d\u0435 \u0436\u0438\u0432!\n\n\u0417\u0430\u043a\u0440\u0438\u0442\u0430 \u0442\u0435\u0440\u0438\u0442\u043e\u0440\u0456\u044f  \u0431\u0435\u0437\u043f\u0435\u043a\u0430 \u0442\u0430 \u0442\u0438\u0448\u0430\n\n\u041f\u0456\u0434\u0437\u0435\u043c\u043d\u0438\u0439 \u043f\u0430\u0440\u043a\u0456\u043d\u0433  \u0431\u0435\u0437 \u043f\u0440\u043e\u0431\u043b\u0435\u043c \u0437 \u0430\u0432\u0442\u043e\n\n\u0422\u0435\u043b\u0435\u0444\u043e\u043d\u0443\u0439\u0442\u0435 \u0434\u043b\u044f \u0448\u0432\u0438\u0434\u043a\u043e\u0433\u043e \u043f\u043e\u043a\u0430\u0437\u0443!\n\u0422\u0430\u043a\u0456 \u0432\u0430\u0440\u0456\u0430\u043d\u0442\u0438 \u0434\u043e\u0432\u0433\u043e \u043d\u0435 \u0437\u0430\u0442\u0440\u0438\u043c\u0443\u044e\u0442\u044c\u0441\u044f.\n\u0410\u0434\u0440\u0435\u0441\u0430: \u0432\u0443\u043b. \u0410\u043d\u0434\u0440\u0456\u044f \u041c\u0435\u043b\u044c\u043d\u0438\u043a\u0430, \u0431\u0443\u0434. \n\u0426\u0456\u043d\u0430: 550 $\n\u041f\u043e\u0432\u0435\u0440\u0445: 3/6\n\u041a\u0456\u043c\u043d\u0430\u0442: 2\n\u041f\u043b\u043e\u0449\u0430: 68.0 \u043c\u00b2\n\u0422\u0435\u043b\u0435\u0444\u043e\u043d: (073) 178 19 92"}}
2025-07-03T02:14:57.752859700 [PHOTO] Відповідь Telegram sendPhoto (код 200): {"ok":true,"result":{"message_id":13,"sender_chat":{"id":-1002551159094,"title":"Franyk#2","username":"DimRiaParser_Franyk_2","type":"channel"},"chat":{"id":-1002551159094,"title":"Franyk#2","username":"DimRiaParser_Franyk_2","type":"channel"},"date":1751498098,"photo":[{"file_id":"AgACAgIAAyEGAASYD5k2AAMNaGW9ct6qvc2b5Qq5fGqisKjiXfgAAoL0MRvYHylLGFPVBiBhfowBAAMCAANzAAM2BA","file_unique_id":"AQADgvQxG9gfKUt4","file_size":1123,"width":67,"height":90},{"file_id":"AgACAgIAAyEGAASYD5k2AAMNaGW9ct6qvc2b5Qq5fGqisKjiXfgAAoL0MRvYHylLGFPVBiBhfowBAAMCAANtAAM2BA","file_unique_id":"AQADgvQxG9gfKUty","file_size":11968,"width":240,"height":320},{"file_id":"AgACAgIAAyEGAASYD5k2AAMNaGW9ct6qvc2b5Qq5fGqisKjiXfgAAoL0MRvYHylLGFPVBiBhfowBAAMCAAN4AAM2BA","file_unique_id":"AQADgvQxG9gfKUt9","file_size":47592,"width":600,"height":800}],"caption":"\u041d\u041e\u0412\u0410 \u041a\u0412\u0410\u0420\u0422\u0418\u0420\u0410 \u0414\u041b\u042f \u041e\u0420\u0415\u041d\u0414\u0418\n\u041e\u043f\u0438\u0441: \u0412\u043f\u0435\u0440\u0448\u0435 \u0432 \u043e\u0440\u0435\u043d\u0434\u0443! \u0423\u043a\u043e\u043c\u043f\u043b\u0435\u043a\u0442\u043e\u0432\u0430\u043d\u0430 2-\u043a\u0456\u043c\u043d\u0430\u0442\u043d\u0430 \u043a\u0432\u0430\u0440\u0442\u0438\u0440\u0430 \u0432 \u0441\u0430\u043c\u043e\u043c\u0443 \u0446\u0435\u043d\u0442\u0440\u0456 \u043c\u0456\u0441\u0442\u0430\n\u0413\u043e\u0442\u043e\u0432\u0430 \u0434\u043e \u0437\u0430\u0441\u0435\u043b\u0435\u043d\u043d\u044f  \u0456\u0434\u0435\u0430\u043b\u044c\u043d\u0438\u0439 \u0432\u0430\u0440\u0456\u0430\u043d\u0442 \u0434\u043b\u044f \u043a\u043e\u043c\u0444\u043e\u0440\u0442\u043d\u043e\u0433\u043e \u0436\u0438\u0442\u0442\u044f!\n\n\u041f\u043b\u0430\u043d\u0443\u0432\u0430\u043d\u043d\u044f \u0442\u0430 \u043e\u0441\u043e\u0431\u043b\u0438\u0432\u043e\u0441\u0442\u0456:\n\n\u0414\u0432\u0456 \u043e\u043a\u0440\u0435\u043c\u0456 \u043a\u0456\u043c\u043d\u0430\u0442\u0438 + \u043f\u0440\u043e\u0441\u0442\u043e\u0440\u0430 \u043a\u0443\u0445\u043d\u044f-\u0441\u0442\u0443\u0434\u0456\u044f\n\n\u0420\u043e\u0437\u0434\u0456\u043b\u044c\u043d\u0456 \u0441\u0430\u043d\u0432\u0443\u0437\u043b\u0438  \u0437\u0440\u0443\u0447\u043d\u043e \u0434\u043b\u044f \u0449\u043e\u0434\u0435\u043d\u043d\u043e\u0433\u043e \u043a\u043e\u0440\u0438\u0441\u0442\u0443\u0432\u0430\u043d\u043d\u044f\n\n\u0422\u0435\u043f\u043b\u0430 \u043f\u0456\u0434\u043b\u043e\u0433\u0430 \u0432 \u0437\u043e\u043d\u0430\u0445 \u043f\u043b\u0438\u0442\u043a\u0438 \u0434\u043b\u044f \u0432\u0430\u0448\u043e\u0433\u043e \u043a\u043e\u043c\u0444\u043e\u0440\u0442\u0443\n\n\u0421\u0443\u0447\u0430\u0441\u043d\u0430 \u0442\u0435\u0445\u043d\u0456\u043a\u0430: \u0456\u043d\u0434\u0443\u043a\u0446\u0456\u0439\u043d\u0430 \u043f\u043b\u0438\u0442\u0430, \u0434\u0443\u0445\u043e\u0432\u0430 \u0448\u0430\u0444\u0430, \u043c\u0456\u043a\u0440\u043e\u0445\u0432\u0438\u043b\u044c\u043e\u0432\u0430 \u043f\u0456\u0447, \u0445\u043e\u043b\u043e\u0434\u0438\u043b\u044c\u043d\u0438\u043a, \u043f\u043e\u0441\u0443\u0434\u043e\u043c\u0438\u0439\u043d\u0430 \u043c\u0430\u0448\u0438\u043d\u0430, \u0442\u0435\u043b\u0435\u0432\u0456\u0437\u043e\u0440, \u043a\u043e\u043d\u0434\u0438\u0446\u0456\u043e\u043d\u0435\u0440\n\n\u041f\u0435\u0440\u0448\u0430 \u0437\u0434\u0430\u0447\u0430  \u0449\u0435 \u043d\u0456\u0445\u0442\u043e \u043d\u0435 \u0436\u0438\u0432!\n\n\u0417\u0430\u043a\u0440\u0438\u0442\u0430 \u0442\u0435\u0440\u0438\u0442\u043e\u0440\u0456\u044f  \u0431\u0435\u0437\u043f\u0435\u043a\u0430 \u0442\u0430 \u0442\u0438\u0448\u0430\n\n\u041f\u0456\u0434\u0437\u0435\u043c\u043d\u0438\u0439 \u043f\u0430\u0440\u043a\u0456\u043d\u0433  \u0431\u0435\u0437 \u043f\u0440\u043e\u0431\u043b\u0435\u043c \u0437 \u0430\u0432\u0442\u043e\n\n\u0422\u0435\u043b\u0435\u0444\u043e\u043d\u0443\u0439\u0442\u0435 \u0434\u043b\u044f \u0448\u0432\u0438\u0434\u043a\u043e\u0433\u043e \u043f\u043e\u043a\u0430\u0437\u0443!\n\u0422\u0430\u043a\u0456 \u0432\u0430\u0440\u0456\u0430\u043d\u0442\u0438 \u0434\u043e\u0432\u0433\u043e \u043d\u0435 \u0437\u0430\u0442\u0440\u0438\u043c\u0443\u044e\u0442\u044c\u0441\u044f.\n\u0410\u0434\u0440\u0435\u0441\u0430: \u0432\u0443\u043b. \u0410\u043d\u0434\u0440\u0456\u044f \u041c\u0435\u043b\u044c\u043d\u0438\u043a\u0430, \u0431\u0443\u0434. \n\u0426\u0456\u043d\u0430: 550 $\n\u041f\u043e\u0432\u0435\u0440\u0445: 3/6\n\u041a\u0456\u043c\u043d\u0430\u0442: 2\n\u041f\u043b\u043e\u0449\u0430: 68.0 \u043c\u00b2\n\u0422\u0435\u043b\u0435\u0444\u043e\u043d: (073) 178 19 92"}}
2025-07-03T02:14:57.982653 [PHOTO] Відповідь Telegram sendPhoto (код 200): {"ok":true,"result":{"message_id":14,"sender_chat":{"id":-1002551159094,"title":"Franyk#2","username":"DimRiaParser_Franyk_2","type":"channel"},"chat":{"id":-1002551159094,"title":"Franyk#2","username":"DimRiaParser_Franyk_2","type":"channel"},"date":1751498098,"photo":[{"file_id":"AgACAgIAAyEGAASYD5k2AAMOaGW9cuYYtILS56SyC7nrBrX0Ea4AAoP0MRvYHylL7aPNxFzt20sBAAMCAANzAAM2BA","file_unique_id":"AQADg_QxG9gfKUt4","file_size":1200,"width":67,"height":90},{"file_id":"AgACAgIAAyEGAASYD5k2AAMOaGW9cuYYtILS56SyC7nrBrX0Ea4AAoP0MRvYHylL7aPNxFzt20sBAAMCAANtAAM2BA","file_unique_id":"AQADg_QxG9gfKUty","file_size":14848,"width":240,"height":320},{"file_id":"AgACAgIAAyEGAASYD5k2AAMOaGW9cuYYtILS56SyC7nrBrX0Ea4AAoP0MRvYHylL7aPNxFzt20sBAAMCAAN4AAM2BA","file_unique_id":"AQADg_QxG9gfKUt9","file_size":62372,"width":600,"height":800}],"caption":"\u041d\u041e\u0412\u0410 \u041a\u0412\u0410\u0420\u0422\u0418\u0420\u0410 \u0414\u041b\u042f \u041e\u0420\u0415\u041d\u0414\u0418\n\u041e\u043f\u0438\u0441: \u0412\u043f\u0435\u0440\u0448\u0435 \u0432 \u043e\u0440\u0435\u043d\u0434\u0443! \u0423\u043a\u043e\u043c\u043f\u043b\u0435\u043a\u0442\u043e\u0432\u0430\u043d\u0430 2-\u043a\u0456\u043c\u043d\u0430\u0442\u043d\u0430 \u043a\u0432\u0430\u0440\u0442\u0438\u0440\u0430 \u0432 \u0441\u0430\u043c\u043e\u043c\u0443 \u0446\u0435\u043d\u0442\u0440\u0456 \u043c\u0456\u0441\u0442\u0430\n\u0413\u043e\u0442\u043e\u0432\u0430 \u0434\u043e \u0437\u0430\u0441\u0435\u043b\u0435\u043d\u043d\u044f  \u0456\u0434\u0435\u0430\u043b\u044c\u043d\u0438\u0439 \u0432\u0430\u0440\u0456\u0430\u043d\u0442 \u0434\u043b\u044f \u043a\u043e\u043c\u0444\u043e\u0440\u0442\u043d\u043e\u0433\u043e \u0436\u0438\u0442\u0442\u044f!\n\n\u041f\u043b\u0430\u043d\u0443\u0432\u0430\u043d\u043d\u044f \u0442\u0430 \u043e\u0441\u043e\u0431\u043b\u0438\u0432\u043e\u0441\u0442\u0456:\n\n\u0414\u0432\u0456 \u043e\u043a\u0440\u0435\u043c\u0456 \u043a\u0456\u043c\u043d\u0430\u0442\u0438 + \u043f\u0440\u043e\u0441\u0442\u043e\u0440\u0430 \u043a\u0443\u0445\u043d\u044f-\u0441\u0442\u0443\u0434\u0456\u044f\n\n\u0420\u043e\u0437\u0434\u0456\u043b\u044c\u043d\u0456 \u0441\u0430\u043d\u0432\u0443\u0437\u043b\u0438  \u0437\u0440\u0443\u0447\u043d\u043e \u0434\u043b\u044f \u0449\u043e\u0434\u0435\u043d\u043d\u043e\u0433\u043e \u043a\u043e\u0440\u0438\u0441\u0442\u0443\u0432\u0430\u043d\u043d\u044f\n\n\u0422\u0435\u043f\u043b\u0430 \u043f\u0456\u0434\u043b\u043e\u0433\u0430 \u0432 \u0437\u043e\u043d\u0430\u0445 \u043f\u043b\u0438\u0442\u043a\u0438 \u0434\u043b\u044f \u0432\u0430\u0448\u043e\u0433\u043e \u043a\u043e\u043c\u0444\u043e\u0440\u0442\u0443\n\n\u0421\u0443\u0447\u0430\u0441\u043d\u0430 \u0442\u0435\u0445\u043d\u0456\u043a\u0430: \u0456\u043d\u0434\u0443\u043a\u0446\u0456\u0439\u043d\u0430 \u043f\u043b\u0438\u0442\u0430, \u0434\u0443\u0445\u043e\u0432\u0430 \u0448\u0430\u0444\u0430, \u043c\u0456\u043a\u0440\u043e\u0445\u0432\u0438\u043b\u044c\u043e\u0432\u0430 \u043f\u0456\u0447, \u0445\u043e\u043b\u043e\u0434\u0438\u043b\u044c\u043d\u0438\u043a, \u043f\u043e\u0441\u0443\u0434\u043e\u043c\u0438\u0439\u043d\u0430 \u043c\u0430\u0448\u0438\u043d\u0430, \u0442\u0435\u043b\u0435\u0432\u0456\u0437\u043e\u0440, \u043a\u043e\u043d\u0434\u0438\u0446\u0456\u043e\u043d\u0435\u0440\n\n\u041f\u0435\u0440\u0448\u0430 \u0437\u0434\u0430\u0447\u0430  \u0449\u0435 \u043d\u0456\u0445\u0442\u043e \u043d\u0435 \u0436\u0438\u0432!\n\n\u0417\u0430\u043a\u0440\u0438\u0442\u0430 \u0442\u0435\u0440\u0438\u0442\u043e\u0440\u0456\u044f  \u0431\u0435\u0437\u043f\u0435\u043a\u0430 \u0442\u0430 \u0442\u0438\u0448\u0430\n\n\u041f\u0456\u0434\u0437\u0435\u043c\u043d\u0438\u0439 \u043f\u0430\u0440\u043a\u0456\u043d\u0433  \u0431\u0435\u0437 \u043f\u0440\u043e\u0431\u043b\u0435\u043c \u0437 \u0430\u0432\u0442\u043e\n\n\u0422\u0435\u043b\u0435\u0444\u043e\u043d\u0443\u0439\u0442\u0435 \u0434\u043b\u044f \u0448\u0432\u0438\u0434\u043a\u043e\u0433\u043e \u043f\u043e\u043a\u0430\u0437\u0443!\n\u0422\u0430\u043a\u0456 \u0432\u0430\u0440\u0456\u0430\u043d\u0442\u0438 \u0434\u043e\u0432\u0433\u043e \u043d\u0435 \u0437\u0430\u0442\u0440\u0438\u043c\u0443\u044e\u0442\u044c\u0441\u044f.\n\u0410\u0434\u0440\u0435\u0441\u0430: \u0432\u0443\u043b. \u0410\u043d\u0434\u0440\u0456\u044f \u041c\u0435\u043b\u044c\u043d\u0438\u043a\u0430, \u0431\u0443\u0434. \n\u0426\u0456\u043d\u0430: 550 $\n\u041f\u043e\u0432\u0435\u0440\u0445: 3/6\n\u041a\u0456\u043c\u043d\u0430\u0442: 2\n\u041f\u043b\u043e\u0449\u0430: 68.0 \u043c\u00b2\n\u0422\u0435\u043b\u0435\u0444\u043e\u043d: (073) 178 19 92"}}
2025-07-03T02:14:57.983778 [MEDIA] Відправлено 5 фото для квартири 33279299
2025-07-03T02:16:45.315774500 [MEDIA] Перевіряю фото: photos/33283861_net_1.webp | Абсолютний шлях: D:\Markiian\DimRiaParser\photos\33283861_net_1.webp | Існує: true
2025-07-03T02:16:45.316774400 [MEDIA] Перевіряю фото: photos/33283861_net_2.webp | Абсолютний шлях: D:\Markiian\DimRiaParser\photos\33283861_net_2.webp | Існує: true
2025-07-03T02:16:45.316774400 [MEDIA] Перевіряю фото: photos/33283861_net_3.webp | Абсолютний шлях: D:\Markiian\DimRiaParser\photos\33283861_net_3.webp | Існує: true
2025-07-03T02:16:45.316774400 [MEDIA] Перевіряю фото: photos/33283861_net_4.webp | Абсолютний шлях: D:\Markiian\DimRiaParser\photos\33283861_net_4.webp | Існує: true
2025-07-03T02:16:45.317774900 [MEDIA] Перевіряю фото: photos/33283861_net_5.webp | Абсолютний шлях: D:\Markiian\DimRiaParser\photos\33283861_net_5.webp | Існує: true
2025-07-03T02:16:45.848466 [MEDIA] Відповідь Telegram sendMediaGroup (код 200): {"ok":true,"result":[{"message_id":339,"sender_chat":{"id":-1002765531466,"title":"Lviv#1","username":"DimRiaParser_Lviv_1","type":"channel"},"chat":{"id":-1002765531466,"title":"Lviv#1","username":"DimRiaParser_Lviv_1","type":"channel"},"date":1751498206,"media_group_id":"14011985649900106","photo":[{"file_id":"AgACAgIAAxUHaGWzYiv8Pqco-5QjArwqAp1UQ-QAAqT3MRs43jFLWXxXe-s6-A0BAAMCAANzAAM2BA","file_unique_id":"AQADpPcxGzjeMUt4","file_size":1388,"width":67,"height":90},{"file_id":"AgACAgIAAxUHaGWzYiv8Pqco-5QjArwqAp1UQ-QAAqT3MRs43jFLWXxXe-s6-A0BAAMCAANtAAM2BA","file_unique_id":"AQADpPcxGzjeMUty","file_size":17638,"width":240,"height":320},{"file_id":"AgACAgIAAxUHaGWzYiv8Pqco-5QjArwqAp1UQ-QAAqT3MRs43jFLWXxXe-s6-A0BAAMCAAN4AAM2BA","file_unique_id":"AQADpPcxGzjeMUt9","file_size":81759,"width":600,"height":800}],"caption":"\u041d\u041e\u0412\u0410 \u041a\u0412\u0410\u0420\u0422\u0418\u0420\u0410 \u0414\u041b\u042f \u041e\u0420\u0415\u041d\u0414\u0418\n\u041e\u043f\u0438\u0441: \u0417\u0434\u0430\u0454\u0442\u044c\u0441\u044f \u0432 \u043e\u0440\u0435\u043d\u0434\u0443 \u0441\u0432\u0456\u0442\u043b\u0430 \u0442\u0430 \u043f\u0440\u043e\u0441\u0442\u043e\u0440\u0430 \u043a\u0432\u0430\u0440\u0442\u0438\u0440\u0430 \u0437 \u0431\u0430\u043b\u043a\u043e\u043d\u043e\u043c \u0432 \u0416\u041a Avalon Zelena \n\n\u041e\u043a\u0440\u0435\u043c\u0430 \u043a\u0456\u043c\u043d\u0430\u0442\u0430 \u0437 \u043f\u0430\u043d\u043e\u0440\u0430\u043c\u043d\u0438\u043c\u0438 \u0432\u0456\u043a\u043d\u0430\u043c\u0438, \u0434\u0432\u043e\u0441\u043f\u0430\u043b\u044c\u043d\u0438\u043c \u043b\u0456\u0436\u043a\u043e\u043c, \u043c\u0456\u0441\u0442\u043a\u043e\u044e \u0448\u0430\u0444\u043e\u044e, \u0442\u0435\u043b\u0435\u0432\u0456\u0437\u043e\u0440\u043e\u043c \u0442\u0430 \u0442\u0443\u043c\u0431\u043e\u044e \n\n\u0412\u0435\u043b\u0438\u043a\u0438\u0439 \u0441\u0430\u043d\u0432\u0443\u0437\u043e\u043b \u0437 \u0432\u0430\u043d\u043d\u043e\u044e (\u043d\u0435 \u0434\u0443\u0448\u043e\u0432\u0430)\n\n\u041f\u0440\u043e\u0441\u0442\u043e\u0440\u0430 \u043a\u0443\u0445\u043d\u044f \u0437 \u043d\u0435\u043e\u0431\u0445\u0456\u0434\u043d\u043e\u044e \u043f\u043e\u0431\u0443\u0442\u043e\u0432\u043e\u044e \u0442\u0435\u0445\u043d\u0456\u043a\u043e\u044e \u0456 \u0432\u0438\u0445\u043e\u0434\u043e\u043c \u043d\u0430 \u0431\u0430\u043b\u043a\u043e\u043d\n\u0406\u043d\u0434\u0438\u0432\u0456\u0434\u0443\u0430\u043b\u044c\u043d\u0435 \u0433\u0430\u0437\u043e\u0432\u0435 \u043e\u043f\u0430\u043b\u0435\u043d\u043d\u044f (\u0434\u0432\u043e\u043a\u043e\u043d\u0442\u0443\u0440\u043d\u0438\u0439 \u043a\u043e\u0442\u0435\u043b)\n\n\u0422\u0435\u043b\u0435\u0444\u043e\u043d\u0443\u0439\u0442\u0435!\n\u0410\u0434\u0440\u0435\u0441\u0430: \u0432\u0443\u043b. \u0417\u0435\u043b\u0435\u043d\u0430, \u0431\u0443\u0434. 204\u0411\n\u0426\u0456\u043d\u0430: 450 $\n\u041f\u043e\u0432\u0435\u0440\u0445: 7/10\n\u041a\u0456\u043c\u043d\u0430\u0442: 1\n\u041f\u043b\u043e\u0449\u0430: 42.0 \u043c\u00b2\n\u0422\u0435\u043b\u0435\u0444\u043e\u043d: (098) 075 00 73"},{"message_id":340,"sender_chat":{"id":-1002765531466,"title":"Lviv#1","username":"DimRiaParser_Lviv_1","type":"channel"},"chat":{"id":-1002765531466,"title":"Lviv#1","username":"DimRiaParser_Lviv_1","type":"channel"},"date":1751498206,"media_group_id":"14011985649900106","photo":[{"file_id":"AgACAgIAAxUHaGWzYtYYk4HGs0F-Q7rQk7vaOU8AAqb3MRs43jFLoYUer5U_Q-0BAAMCAANzAAM2BA","file_unique_id":"AQADpvcxGzjeMUt4","file_size":1363,"width":67,"height":90},{"file_id":"AgACAgIAAxUHaGWzYtYYk4HGs0F-Q7rQk7vaOU8AAqb3MRs43jFLoYUer5U_Q-0BAAMCAANtAAM2BA","file_unique_id":"AQADpvcxGzjeMUty","file_size":15757,"width":240,"height":320},{"file_id":"AgACAgIAAxUHaGWzYtYYk4HGs0F-Q7rQk7vaOU8AAqb3MRs43jFLoYUer5U_Q-0BAAMCAAN4AAM2BA","file_unique_id":"AQADpvcxGzjeMUt9","file_size":62135,"width":600,"height":800}]},{"message_id":341,"sender_chat":{"id":-1002765531466,"title":"Lviv#1","username":"DimRiaParser_Lviv_1","type":"channel"},"chat":{"id":-1002765531466,"title":"Lviv#1","username":"DimRiaParser_Lviv_1","type":"channel"},"date":1751498206,"media_group_id":"14011985649900106","photo":[{"file_id":"AgACAgIAAxUHaGWzYuY8LPdGINuRlX5z2U8nX_0AAqP3MRs43jFLVNyGszWEKZABAAMCAANzAAM2BA","file_unique_id":"AQADo_cxGzjeMUt4","file_size":1375,"width":67,"height":90},{"file_id":"AgACAgIAAxUHaGWzYuY8LPdGINuRlX5z2U8nX_0AAqP3MRs43jFLVNyGszWEKZABAAMCAANtAAM2BA","file_unique_id":"AQADo_cxGzjeMUty","file_size":16324,"width":240,"height":320},{"file_id":"AgACAgIAAxUHaGWzYuY8LPdGINuRlX5z2U8nX_0AAqP3MRs43jFLVNyGszWEKZABAAMCAAN4AAM2BA","file_unique_id":"AQADo_cxGzjeMUt9","file_size":61124,"width":600,"height":800}]},{"message_id":342,"sender_chat":{"id":-1002765531466,"title":"Lviv#1","username":"DimRiaParser_Lviv_1","type":"channel"},"chat":{"id":-1002765531466,"title":"Lviv#1","username":"DimRiaParser_Lviv_1","type":"channel"},"date":1751498206,"media_group_id":"14011985649900106","photo":[{"file_id":"AgACAgIAAxUHaGWzYoqKL5lk_1SLqHulExxz0KQAAqf3MRs43jFLIo2ZTGtWCsQBAAMCAANzAAM2BA","file_unique_id":"AQADp_cxGzjeMUt4","file_size":1311,"width":67,"height":90},{"file_id":"AgACAgIAAxUHaGWzYoqKL5lk_1SLqHulExxz0KQAAqf3MRs43jFLIo2ZTGtWCsQBAAMCAANtAAM2BA","file_unique_id":"AQADp_cxGzjeMUty","file_size":14272,"width":240,"height":320},{"file_id":"AgACAgIAAxUHaGWzYoqKL5lk_1SLqHulExxz0KQAAqf3MRs43jFLIo2ZTGtWCsQBAAMCAAN4AAM2BA","file_unique_id":"AQADp_cxGzjeMUt9","file_size":57720,"width":600,"height":800}]},{"message_id":343,"sender_chat":{"id":-1002765531466,"title":"Lviv#1","username":"DimRiaParser_Lviv_1","type":"channel"},"chat":{"id":-1002765531466,"title":"Lviv#1","username":"DimRiaParser_Lviv_1","type":"channel"},"date":1751498206,"media_group_id":"14011985649900106","photo":[{"file_id":"AgACAgIAAxUHaGWzYnkAAa7M9tlM6GB0DAUN7lKDAAKl9zEbON4xS6mca0ix_YE3AQADAgADcwADNgQ","file_unique_id":"AQADpfcxGzjeMUt4","file_size":1226,"width":67,"height":90},{"file_id":"AgACAgIAAxUHaGWzYnkAAa7M9tlM6GB0DAUN7lKDAAKl9zEbON4xS6mca0ix_YE3AQADAgADbQADNgQ","file_unique_id":"AQADpfcxGzjeMUty","file_size":16523,"width":240,"height":320},{"file_id":"AgACAgIAAxUHaGWzYnkAAa7M9tlM6GB0DAUN7lKDAAKl9zEbON4xS6mca0ix_YE3AQADAgADeAADNgQ","file_unique_id":"AQADpfcxGzjeMUt9","file_size":72199,"width":600,"height":800}]}]}
2025-07-03T02:16:45.851612400 [MEDIA] Перевіряю фото: photos/33278817_net_1.webp | Абсолютний шлях: D:\Markiian\DimRiaParser\photos\33278817_net_1.webp | Існує: true
2025-07-03T02:16:45.851612400 [MEDIA] Перевіряю фото: photos/33278817_net_2.webp | Абсолютний шлях: D:\Markiian\DimRiaParser\photos\33278817_net_2.webp | Існує: true
2025-07-03T02:16:45.851612400 [MEDIA] Перевіряю фото: photos/33278817_net_3.webp | Абсолютний шлях: D:\Markiian\DimRiaParser\photos\33278817_net_3.webp | Існує: true
2025-07-03T02:16:45.852616400 [MEDIA] Перевіряю фото: photos/33278817_net_4.webp | Абсолютний шлях: D:\Markiian\DimRiaParser\photos\33278817_net_4.webp | Існує: true
2025-07-03T02:16:45.852616400 [MEDIA] Перевіряю фото: photos/33278817_net_5.webp | Абсолютний шлях: D:\Markiian\DimRiaParser\photos\33278817_net_5.webp | Існує: true
2025-07-03T02:16:46.066931500 [MEDIA] Відповідь Telegram sendMediaGroup (код 200): {"ok":true,"result":[{"message_id":338,"sender_chat":{"id":-1002507736396,"title":"Lviv#2","username":"DimRiaParser_Lviv_2","type":"channel"},"chat":{"id":-1002507736396,"title":"Lviv#2","username":"DimRiaParser_Lviv_2","type":"channel"},"date":1751498206,"media_group_id":"14011985651502578","photo":[{"file_id":"AgACAgIAAxUHaGWzaZ4x31buC1eUpUlRWb7KEeQAArD1MRuspTBLwwPO1PnCJJEBAAMCAANzAAM2BA","file_unique_id":"AQADsPUxG6ylMEt4","file_size":1172,"width":67,"height":90},{"file_id":"AgACAgIAAxUHaGWzaZ4x31buC1eUpUlRWb7KEeQAArD1MRuspTBLwwPO1PnCJJEBAAMCAANtAAM2BA","file_unique_id":"AQADsPUxG6ylMEty","file_size":12054,"width":240,"height":320},{"file_id":"AgACAgIAAxUHaGWzaZ4x31buC1eUpUlRWb7KEeQAArD1MRuspTBLwwPO1PnCJJEBAAMCAAN4AAM2BA","file_unique_id":"AQADsPUxG6ylMEt9","file_size":42944,"width":600,"height":800}],"caption":"\u041d\u041e\u0412\u0410 \u041a\u0412\u0410\u0420\u0422\u0418\u0420\u0410 \u0414\u041b\u042f \u041e\u0420\u0415\u041d\u0414\u0418\n\u041e\u043f\u0438\u0441: \u0417\u0434\u0430\u0454\u0442\u044c\u0441\u044f \u0434\u0432\u043e\u043a\u0456\u043c\u043d\u0430\u0442\u043d\u0430 \u043a\u0432\u0430\u0440\u0442\u0438\u0440\u0430 \u0432 \u0434\u0443\u0436\u0435 \u0445\u043e\u0440\u043e\u0448\u043e\u043c\u0443 \u0440\u0430\u0439\u043e\u043d\u0456. \u041f\u043e\u0440\u0443\u0447 \u0421\u043a\u043d\u0438\u043b\u0456\u0432\u0441\u044c\u043a\u0438\u0439 \u043f\u0430\u0440\u043a, \u041f\u0456\u0432\u0434\u0435\u043d\u043d\u0438\u0439, \u0434\u0432\u0456 \u0448\u043a\u043e\u043b\u0438, \u0441\u0430\u0434\u043e\u0447\u043e\u043a \u043f\u0440\u0438\u0432\u0430\u0442\u043d\u0438\u0439 \u0442\u0430 \u0434\u0435\u0440\u0436\u0430\u0432\u043d\u0438\u0439. \u0427\u0438\u0441\u0442\u0430, \u0441\u0432\u0456\u0442\u043b\u0430, \u0437\u0430\u0442\u0438\u0448\u043d\u0430. \u0412\u0456\u043b\u044c\u043d\u0430, \u043f\u043e\u043a\u0430\u0437\u0438 \u0432\u0436\u0435.\n\u0410\u0434\u0440\u0435\u0441\u0430: \u0432\u0443\u043b. \u0412\u0438\u0433\u043e\u0432\u0441\u044c\u043a\u043e\u0433\u043e \u0406\u0432\u0430\u043d\u0430, \u0431\u0443\u0434. 57\n\u0426\u0456\u043d\u0430: 14500 \u0433\u0440\u043d/\u043c\u0456\u0441\n\u041f\u043e\u0432\u0435\u0440\u0445: 5/5\n\u041a\u0456\u043c\u043d\u0430\u0442: 2\n\u041f\u043b\u043e\u0449\u0430: 48.2 \u043c\u00b2\n\u0422\u0435\u043b\u0435\u0444\u043e\u043d: (068) 292 05 27"},{"message_id":339,"sender_chat":{"id":-1002507736396,"title":"Lviv#2","username":"DimRiaParser_Lviv_2","type":"channel"},"chat":{"id":-1002507736396,"title":"Lviv#2","username":"DimRiaParser_Lviv_2","type":"channel"},"date":1751498206,"media_group_id":"14011985651502578","photo":[{"file_id":"AgACAgIAAxUHaGWzaagpyFWCPRi1YaCfmMXPVB8AAq_1MRuspTBLY7BwFYoqET0BAAMCAANzAAM2BA","file_unique_id":"AQADr_UxG6ylMEt4","file_size":1103,"width":67,"height":90},{"file_id":"AgACAgIAAxUHaGWzaagpyFWCPRi1YaCfmMXPVB8AAq_1MRuspTBLY7BwFYoqET0BAAMCAANtAAM2BA","file_unique_id":"AQADr_UxG6ylMEty","file_size":11674,"width":240,"height":320},{"file_id":"AgACAgIAAxUHaGWzaagpyFWCPRi1YaCfmMXPVB8AAq_1MRuspTBLY7BwFYoqET0BAAMCAAN4AAM2BA","file_unique_id":"AQADr_UxG6ylMEt9","file_size":42198,"width":600,"height":800}]},{"message_id":340,"sender_chat":{"id":-1002507736396,"title":"Lviv#2","username":"DimRiaParser_Lviv_2","type":"channel"},"chat":{"id":-1002507736396,"title":"Lviv#2","username":"DimRiaParser_Lviv_2","type":"channel"},"date":1751498206,"media_group_id":"14011985651502578","photo":[{"file_id":"AgACAgIAAxUHaGWzae9iFUQmunsfB3pWA98HEucAAq71MRuspTBL2AoEkpAa7U4BAAMCAANzAAM2BA","file_unique_id":"AQADrvUxG6ylMEt4","file_size":1134,"width":67,"height":90},{"file_id":"AgACAgIAAxUHaGWzae9iFUQmunsfB3pWA98HEucAAq71MRuspTBL2AoEkpAa7U4BAAMCAANtAAM2BA","file_unique_id":"AQADrvUxG6ylMEty","file_size":11829,"width":240,"height":320},{"file_id":"AgACAgIAAxUHaGWzae9iFUQmunsfB3pWA98HEucAAq71MRuspTBL2AoEkpAa7U4BAAMCAAN4AAM2BA","file_unique_id":"AQADrvUxG6ylMEt9","file_size":44277,"width":600,"height":800}]},{"message_id":341,"sender_chat":{"id":-1002507736396,"title":"Lviv#2","username":"DimRiaParser_Lviv_2","type":"channel"},"chat":{"id":-1002507736396,"title":"Lviv#2","username":"DimRiaParser_Lviv_2","type":"channel"},"date":1751498206,"media_group_id":"14011985651502578","photo":[{"file_id":"AgACAgIAAxUHaGWzaVECAmtc0Y9MPLfOo0b6KH8AAq31MRuspTBLTwuIH7WYA2oBAAMCAANzAAM2BA","file_unique_id":"AQADrfUxG6ylMEt4","file_size":950,"width":67,"height":90},{"file_id":"AgACAgIAAxUHaGWzaVECAmtc0Y9MPLfOo0b6KH8AAq31MRuspTBLTwuIH7WYA2oBAAMCAANtAAM2BA","file_unique_id":"AQADrfUxG6ylMEty","file_size":11041,"width":240,"height":320},{"file_id":"AgACAgIAAxUHaGWzaVECAmtc0Y9MPLfOo0b6KH8AAq31MRuspTBLTwuIH7WYA2oBAAMCAAN4AAM2BA","file_unique_id":"AQADrfUxG6ylMEt9","file_size":40017,"width":600,"height":800}]},{"message_id":342,"sender_chat":{"id":-1002507736396,"title":"Lviv#2","username":"DimRiaParser_Lviv_2","type":"channel"},"chat":{"id":-1002507736396,"title":"Lviv#2","username":"DimRiaParser_Lviv_2","type":"channel"},"date":1751498206,"media_group_id":"14011985651502578","photo":[{"file_id":"AgACAgIAAxUHaGWzabJG-sctGfo5C6GrfzIWqgMAArH1MRuspTBL7vIwgBCz0CUBAAMCAANzAAM2BA","file_unique_id":"AQADsfUxG6ylMEt4","file_size":997,"width":67,"height":90},{"file_id":"AgACAgIAAxUHaGWzabJG-sctGfo5C6GrfzIWqgMAArH1MRuspTBL7vIwgBCz0CUBAAMCAANtAAM2BA","file_unique_id":"AQADsfUxG6ylMEty","file_size":11907,"width":240,"height":320},{"file_id":"AgACAgIAAxUHaGWzabJG-sctGfo5C6GrfzIWqgMAArH1MRuspTBL7vIwgBCz0CUBAAMCAAN4AAM2BA","file_unique_id":"AQADsfUxG6ylMEt9","file_size":47013,"width":600,"height":800}]}]}
2025-07-03T02:16:46.094687900 [MEDIA] Перевіряю фото: photos/33281153_net_1.webp | Абсолютний шлях: D:\Markiian\DimRiaParser\photos\33281153_net_1.webp | Існує: true
2025-07-03T02:16:46.095687500 [MEDIA] Перевіряю фото: photos/33281153_net_2.webp | Абсолютний шлях: D:\Markiian\DimRiaParser\photos\33281153_net_2.webp | Існує: true
2025-07-03T02:16:46.095687500 [MEDIA] Перевіряю фото: photos/33281153_net_3.webp | Абсолютний шлях: D:\Markiian\DimRiaParser\photos\33281153_net_3.webp | Існує: true
2025-07-03T02:16:46.096688200 [MEDIA] Перевіряю фото: photos/33281153_net_4.webp | Абсолютний шлях: D:\Markiian\DimRiaParser\photos\33281153_net_4.webp | Існує: true
2025-07-03T02:16:46.096688200 [MEDIA] Перевіряю фото: photos/33281153_net_5.webp | Абсолютний шлях: D:\Markiian\DimRiaParser\photos\33281153_net_5.webp | Існує: true
2025-07-03T02:16:51.458712200 [MEDIA] Відповідь Telegram sendMediaGroup (код 200): {"ok":true,"result":[{"message_id":14,"sender_chat":{"id":-1002751273850,"title":"Franyk#1","username":"DimRiaParser_Franyk_1","type":"channel"},"chat":{"id":-1002751273850,"title":"Franyk#1","username":"DimRiaParser_Franyk_1","type":"channel"},"date":1751498211,"media_group_id":"14011985694815874","photo":[{"file_id":"AgACAgIAAxUHaGW93lQ7oNyUo87hgKcVZ5C-UnsAAqYEMhtDAjBLKxmC18mBec4BAAMCAANzAAM2BA","file_unique_id":"AQADpgQyG0MCMEt4","file_size":1364,"width":90,"height":67},{"file_id":"AgACAgIAAxUHaGW93lQ7oNyUo87hgKcVZ5C-UnsAAqYEMhtDAjBLKxmC18mBec4BAAMCAANtAAM2BA","file_unique_id":"AQADpgQyG0MCMEty","file_size":15092,"width":320,"height":240},{"file_id":"AgACAgIAAxUHaGW93lQ7oNyUo87hgKcVZ5C-UnsAAqYEMhtDAjBLKxmC18mBec4BAAMCAAN4AAM2BA","file_unique_id":"AQADpgQyG0MCMEt9","file_size":54474,"width":800,"height":600}],"caption":"\u041d\u041e\u0412\u0410 \u041a\u0412\u0410\u0420\u0422\u0418\u0420\u0410 \u0414\u041b\u042f \u041e\u0420\u0415\u041d\u0414\u0418\n\u041e\u043f\u0438\u0441: \u0417\u0434\u0430\u0454\u0442\u044c\u0441\u044f \u0432 \u0434\u043e\u0432\u0433\u043e\u0442\u0440\u0438\u0432\u0430\u043b\u0443 \u043e\u0440\u0435\u043d\u0434\u0443 1-\u043a\u0456\u043c\u043d\u0430\u0442\u043d\u0430 \u043a\u0432\u0430\u0440\u0442\u0438\u0440\u0430 \u043f\u043e \u0432\u0443\u043b. \u042f\u0431\u043b\u0443\u043d\u0435\u0432\u0430 (\u0440-\u043d \u041a\u0430\u0441\u043a\u0430\u0434).  \u041a\u043e\u043c\u043e\u0444\u0440\u0442\u043d\u0438\u0439 3-\u0439 \u043f\u043e\u0432\u0435\u0440\u0445 9-\u0442\u0438 \u043f\u043e\u0432\u0435\u0440\u0445\u043e\u0432\u043e\u0433\u043e \u0431\u0443\u0434\u0438\u043d\u043a\u0443, \u043b\u0456\u0444\u0442. \u0406\u043d\u0434\u0438\u0432\u0456\u0434\u0443\u0430\u043b\u044c\u043d\u0435 \u043e\u043f\u0430\u043b\u0435\u043d\u043d\u044f. \u0406\u043d\u0442\u0435\u0440\u043d\u0435\u0442. \u0412\u0441\u0456 \u043c\u0435\u0431\u043b\u0456 \u0442\u0430 \u043f\u043e\u0431\u0443\u0442\u043e\u0432\u0430 \u0442\u0435\u0445\u043d\u0456\u043a\u0430. \u041b\u043e\u0434\u0436\u0456\u044f. \u0414\u0443\u0448\u043e\u0432\u0430. \u0413\u0430\u0440\u043d\u0435 \u0440\u043e\u0437\u0442\u0430\u0448\u0443\u0432\u0430\u043d\u043d\u044f, \u0432 \u043f\u0456\u0448\u0456\u0439 \u0434\u043e\u0441\u0442\u0443\u043f\u043d\u043e\u0441\u0442\u0456 \u0422\u0426 \u0412\u0435\u043b\u0435\u0441, \u041c\u0435\u0442\u0440\u043e, \u043c\u0430\u0433\u0430\u0437\u0438\u043d\u0438, \u0441\u0430\u0434\u043e\u0447\u043a\u0438, \u0448\u043a\u043e\u043b\u0438, \u0437\u0443\u043f\u0438\u043d\u043a\u0438. \u0411\u0435\u0437 \u0434\u043e\u043c\u0430\u0448\u043d\u0456\u0445 \u0443\u043b\u044e\u0431\u043b\u0435\u043d\u0446\u0456\u0432. \u0414\u0437\u0432\u043e\u043d\u0456\u0442\u044c \u0434\u043b\u044f \u043f\u0435\u0440\u0435\u0433\u043b\u044f\u0434\u0443!\n\u0410\u0434\u0440\u0435\u0441\u0430: \u0432\u0443\u043b. \u042f\u0431\u043b\u0443\u043d\u0435\u0432\u0430, \u0431\u0443\u0434. 1/3\n\u0426\u0456\u043d\u0430: 9000 \u0433\u0440\u043d/\u043c\u0456\u0441\n\u041f\u043e\u0432\u0435\u0440\u0445: 3/9\n\u041a\u0456\u043c\u043d\u0430\u0442: 1\n\u041f\u043b\u043e\u0449\u0430: 47.0 \u043c\u00b2\n\u0422\u0435\u043b\u0435\u0444\u043e\u043d: (068) 801 60 04"},{"message_id":15,"sender_chat":{"id":-1002751273850,"title":"Franyk#1","username":"DimRiaParser_Franyk_1","type":"channel"},"chat":{"id":-1002751273850,"title":"Franyk#1","username":"DimRiaParser_Franyk_1","type":"channel"},"date":1751498211,"media_group_id":"14011985694815874","photo":[{"file_id":"AgACAgIAAxUHaGW93sHcWXIAASC9Zin19i_xmvOyAAKkBDIbQwIwSzMZyHHhhEhUAQADAgADcwADNgQ","file_unique_id":"AQADpAQyG0MCMEt4","file_size":1141,"width":90,"height":67},{"file_id":"AgACAgIAAxUHaGW93sHcWXIAASC9Zin19i_xmvOyAAKkBDIbQwIwSzMZyHHhhEhUAQADAgADbQADNgQ","file_unique_id":"AQADpAQyG0MCMEty","file_size":13169,"width":320,"height":240},{"file_id":"AgACAgIAAxUHaGW93sHcWXIAASC9Zin19i_xmvOyAAKkBDIbQwIwSzMZyHHhhEhUAQADAgADeAADNgQ","file_unique_id":"AQADpAQyG0MCMEt9","file_size":46497,"width":800,"height":600}]},{"message_id":16,"sender_chat":{"id":-1002751273850,"title":"Franyk#1","username":"DimRiaParser_Franyk_1","type":"channel"},"chat":{"id":-1002751273850,"title":"Franyk#1","username":"DimRiaParser_Franyk_1","type":"channel"},"date":1751498211,"media_group_id":"14011985694815874","photo":[{"file_id":"AgACAgIAAxUHaGW93qYxXIoz_B0k-JnolZbar1gAAqgEMhtDAjBLRtBDDoCwvt0BAAMCAANzAAM2BA","file_unique_id":"AQADqAQyG0MCMEt4","file_size":1372,"width":90,"height":67},{"file_id":"AgACAgIAAxUHaGW93qYxXIoz_B0k-JnolZbar1gAAqgEMhtDAjBLRtBDDoCwvt0BAAMCAANtAAM2BA","file_unique_id":"AQADqAQyG0MCMEty","file_size":14303,"width":320,"height":240},{"file_id":"AgACAgIAAxUHaGW93qYxXIoz_B0k-JnolZbar1gAAqgEMhtDAjBLRtBDDoCwvt0BAAMCAAN4AAM2BA","file_unique_id":"AQADqAQyG0MCMEt9","file_size":50761,"width":800,"height":600}]},{"message_id":17,"sender_chat":{"id":-1002751273850,"title":"Franyk#1","username":"DimRiaParser_Franyk_1","type":"channel"},"chat":{"id":-1002751273850,"title":"Franyk#1","username":"DimRiaParser_Franyk_1","type":"channel"},"date":1751498211,"media_group_id":"14011985694815874","photo":[{"file_id":"AgACAgIAAxUHaGW93msJzLY5EJIScE7ynnEIQ84AAqcEMhtDAjBLmtcJxHc4SEQBAAMCAANzAAM2BA","file_unique_id":"AQADpwQyG0MCMEt4","file_size":1512,"width":90,"height":67},{"file_id":"AgACAgIAAxUHaGW93msJzLY5EJIScE7ynnEIQ84AAqcEMhtDAjBLmtcJxHc4SEQBAAMCAANtAAM2BA","file_unique_id":"AQADpwQyG0MCMEty","file_size":17101,"width":320,"height":240},{"file_id":"AgACAgIAAxUHaGW93msJzLY5EJIScE7ynnEIQ84AAqcEMhtDAjBLmtcJxHc4SEQBAAMCAAN4AAM2BA","file_unique_id":"AQADpwQyG0MCMEt9","file_size":61776,"width":800,"height":600}]},{"message_id":18,"sender_chat":{"id":-1002751273850,"title":"Franyk#1","username":"DimRiaParser_Franyk_1","type":"channel"},"chat":{"id":-1002751273850,"title":"Franyk#1","username":"DimRiaParser_Franyk_1","type":"channel"},"date":1751498211,"media_group_id":"14011985694815874","photo":[{"file_id":"AgACAgIAAxUHaGW93jvl9J36uuXsOuOzvu6OqRsAAqUEMhtDAjBL1lhXN_FJpQUBAAMCAANzAAM2BA","file_unique_id":"AQADpQQyG0MCMEt4","file_size":1275,"width":90,"height":67},{"file_id":"AgACAgIAAxUHaGW93jvl9J36uuXsOuOzvu6OqRsAAqUEMhtDAjBL1lhXN_FJpQUBAAMCAANtAAM2BA","file_unique_id":"AQADpQQyG0MCMEty","file_size":14809,"width":320,"height":240},{"file_id":"AgACAgIAAxUHaGW93jvl9J36uuXsOuOzvu6OqRsAAqUEMhtDAjBL1lhXN_FJpQUBAAMCAAN4AAM2BA","file_unique_id":"AQADpQQyG0MCMEt9","file_size":53108,"width":800,"height":600}]}]}
2025-07-03T02:16:51.459699500 [MEDIA] Перевіряю фото: photos/33280059_net_1.webp | Абсолютний шлях: D:\Markiian\DimRiaParser\photos\33280059_net_1.webp | Існує: true
2025-07-03T02:16:51.460699100 [MEDIA] Перевіряю фото: photos/33280059_net_2.webp | Абсолютний шлях: D:\Markiian\DimRiaParser\photos\33280059_net_2.webp | Існує: true
2025-07-03T02:16:51.460699100 [MEDIA] Перевіряю фото: photos/33280059_net_3.webp | Абсолютний шлях: D:\Markiian\DimRiaParser\photos\33280059_net_3.webp | Існує: true
2025-07-03T02:16:51.461706600 [MEDIA] Перевіряю фото: photos/33280059_net_4.webp | Абсолютний шлях: D:\Markiian\DimRiaParser\photos\33280059_net_4.webp | Існує: true
2025-07-03T02:16:51.461706600 [MEDIA] Перевіряю фото: photos/33280059_net_5.webp | Абсолютний шлях: D:\Markiian\DimRiaParser\photos\33280059_net_5.webp | Існує: true
2025-07-03T02:16:56.859788500 [MEDIA] Відповідь Telegram sendMediaGroup (код 200): {"ok":true,"result":[{"message_id":15,"sender_chat":{"id":-1002551159094,"title":"Franyk#2","username":"DimRiaParser_Franyk_2","type":"channel"},"chat":{"id":-1002551159094,"title":"Franyk#2","username":"DimRiaParser_Franyk_2","type":"channel"},"date":1751498217,"media_group_id":"14011985738033994","photo":[{"file_id":"AgACAgIAAxUHaGW95KAHi6NW-av_bXUQee0g0sgAAoX0MRvYHylLuyYoOjNiV9oBAAMCAANzAAM2BA","file_unique_id":"AQADhfQxG9gfKUt4","file_size":1510,"width":90,"height":67},{"file_id":"AgACAgIAAxUHaGW95KAHi6NW-av_bXUQee0g0sgAAoX0MRvYHylLuyYoOjNiV9oBAAMCAANtAAM2BA","file_unique_id":"AQADhfQxG9gfKUty","file_size":22797,"width":320,"height":240},{"file_id":"AgACAgIAAxUHaGW95KAHi6NW-av_bXUQee0g0sgAAoX0MRvYHylLuyYoOjNiV9oBAAMCAAN4AAM2BA","file_unique_id":"AQADhfQxG9gfKUt9","file_size":105798,"width":800,"height":600}],"caption":"\u041d\u041e\u0412\u0410 \u041a\u0412\u0410\u0420\u0422\u0418\u0420\u0410 \u0414\u041b\u042f \u041e\u0420\u0415\u041d\u0414\u0418\n\u041e\u043f\u0438\u0441: \u0417\u0434\u0430\u0454\u0442\u044c\u0441\u044f \u0432 \u043a\u043e\u0440\u043e\u0442\u043a\u043e\u0442\u0440\u0438\u0432\u0430\u043b\u0443 \u043e\u0440\u0435\u043d\u0434\u0443 2-\u043a\u0456\u043c\u043d\u0430\u0442\u043d\u0430 \u043a\u0432\u0430\u0440\u0442\u0438\u0440\u0430 \u043f\u043e \u0432\u0443\u043b. \u041a\u043e\u043d\u043e\u0432\u0430\u043b\u044c\u0446\u044f. 6/9 \u043f\u043e\u0432\u0435\u0440\u0445, \u043b\u0456\u0444\u0442 \u0454. \u0417\u0432\u0438\u0447\u0430\u0439\u043d\u0438 \u0436\u0438\u0442\u043b\u043e\u0432\u0438\u0439 \u0441\u0442\u0430\u043d. \u0406\u043d\u0442\u0435\u0440\u043d\u0435\u0442. \u0411\u043e\u0439\u043b\u0435\u0440 \u043d\u0430 \u043f\u0456\u0434\u0456\u0433\u0440\u0456\u0432 \u0432\u043e\u0434\u0438. \u041d\u043e\u0432\u0430 \u043f\u0440\u0430\u043b\u044c\u043d\u0430 \u043c\u0430\u0448\u0438\u043d\u043a\u0430.  \u0425\u043e\u043b\u043e\u0434\u0438\u043b\u044c\u043d\u0438\u043a. \u0412\u0441\u0456 \u043c\u0435\u0431\u043b\u0456. \u0412\u0430\u043d\u043d\u0430. 2 \u0437\u0430\u0441\u043a\u043b\u0435\u043d\u0456 \u0431\u0430\u043b\u043a\u043e\u043d\u0438. \u0417\u0430\u043a\u0440\u0438\u0442\u0438\u0439 \u0434\u0432\u0456\u0440. \u041f\u043e\u0440\u044f\u0434 \u043c\u0430\u0433\u0430\u0437\u0438\u043d\u0438, \u043a\u0430\u0444\u0435, \u0437\u0443\u043f\u0438\u043d\u043a\u0438. \u0414\u043e \u0446\u0435\u043d\u0442\u0440\u0443 \u043c\u0456\u0441\u0442\u0430 10\u0445\u0432 \u043f\u0456\u0448\u043a\u0438. \u041c\u043e\u0436\u043d\u0430 \u0437 \u0442\u0432\u0430\u0440\u0438\u043d\u043a\u0430\u043c\u0438.\n\u0422\u0435\u043b\u0435\u0444\u043e\u043d\u0443\u0439\u0442\u0435 \u0430\u0431\u043e \u043f\u0438\u0448\u0456\u0442\u044c!\n\u0410\u0434\u0440\u0435\u0441\u0430: \u0432\u0443\u043b. \u041a\u043e\u043d\u043e\u0432\u0430\u043b\u044c\u0446\u044f \u0404\u0432\u0433\u0435\u043d\u0430, \u0431\u0443\u0434. 95\n\u0426\u0456\u043d\u0430: 9000 \u0433\u0440\u043d/\u043c\u0456\u0441\n\u041f\u043e\u0432\u0435\u0440\u0445: 6/9\n\u041a\u0456\u043c\u043d\u0430\u0442: 2\n\u041f\u043b\u043e\u0449\u0430: 51.0 \u043c\u00b2\n\u0422\u0435\u043b\u0435\u0444\u043e\u043d: (068) 801 60 04"},{"message_id":16,"sender_chat":{"id":-1002551159094,"title":"Franyk#2","username":"DimRiaParser_Franyk_2","type":"channel"},"chat":{"id":-1002551159094,"title":"Franyk#2","username":"DimRiaParser_Franyk_2","type":"channel"},"date":1751498217,"media_group_id":"14011985738033994","photo":[{"file_id":"AgACAgIAAxUHaGW95IgD-g6pNkv7HmKIasCcJWMAAoT0MRvYHylL-ZYItb3jD3EBAAMCAANzAAM2BA","file_unique_id":"AQADhPQxG9gfKUt4","file_size":1595,"width":90,"height":67},{"file_id":"AgACAgIAAxUHaGW95IgD-g6pNkv7HmKIasCcJWMAAoT0MRvYHylL-ZYItb3jD3EBAAMCAANtAAM2BA","file_unique_id":"AQADhPQxG9gfKUty","file_size":21905,"width":320,"height":240},{"file_id":"AgACAgIAAxUHaGW95IgD-g6pNkv7HmKIasCcJWMAAoT0MRvYHylL-ZYItb3jD3EBAAMCAAN4AAM2BA","file_unique_id":"AQADhPQxG9gfKUt9","file_size":95085,"width":800,"height":600}]},{"message_id":17,"sender_chat":{"id":-1002551159094,"title":"Franyk#2","username":"DimRiaParser_Franyk_2","type":"channel"},"chat":{"id":-1002551159094,"title":"Franyk#2","username":"DimRiaParser_Franyk_2","type":"channel"},"date":1751498217,"media_group_id":"14011985738033994","photo":[{"file_id":"AgACAgIAAxUHaGW95GDv6MPP-EuU5t-afnePUqYAAof0MRvYHylL1flda2GQ5j4BAAMCAANzAAM2BA","file_unique_id":"AQADh_QxG9gfKUt4","file_size":1774,"width":90,"height":67},{"file_id":"AgACAgIAAxUHaGW95GDv6MPP-EuU5t-afnePUqYAAof0MRvYHylL1flda2GQ5j4BAAMCAANtAAM2BA","file_unique_id":"AQADh_QxG9gfKUty","file_size":37841,"width":320,"height":240},{"file_id":"AgACAgIAAxUHaGW95GDv6MPP-EuU5t-afnePUqYAAof0MRvYHylL1flda2GQ5j4BAAMCAAN4AAM2BA","file_unique_id":"AQADh_QxG9gfKUt9","file_size":187566,"width":800,"height":600}]},{"message_id":18,"sender_chat":{"id":-1002551159094,"title":"Franyk#2","username":"DimRiaParser_Franyk_2","type":"channel"},"chat":{"id":-1002551159094,"title":"Franyk#2","username":"DimRiaParser_Franyk_2","type":"channel"},"date":1751498217,"media_group_id":"14011985738033994","photo":[{"file_id":"AgACAgIAAxUHaGW95MVkB67RQh0W3pa8k09pobEAAoj0MRvYHylL28o44yI7PpQBAAMCAANzAAM2BA","file_unique_id":"AQADiPQxG9gfKUt4","file_size":1456,"width":90,"height":67},{"file_id":"AgACAgIAAxUHaGW95MVkB67RQh0W3pa8k09pobEAAoj0MRvYHylL28o44yI7PpQBAAMCAANtAAM2BA","file_unique_id":"AQADiPQxG9gfKUty","file_size":30076,"width":320,"height":240},{"file_id":"AgACAgIAAxUHaGW95MVkB67RQh0W3pa8k09pobEAAoj0MRvYHylL28o44yI7PpQBAAMCAAN4AAM2BA","file_unique_id":"AQADiPQxG9gfKUt9","file_size":149622,"width":800,"height":600}]},{"message_id":19,"sender_chat":{"id":-1002551159094,"title":"Franyk#2","username":"DimRiaParser_Franyk_2","type":"channel"},"chat":{"id":-1002551159094,"title":"Franyk#2","username":"DimRiaParser_Franyk_2","type":"channel"},"date":1751498217,"media_group_id":"14011985738033994","photo":[{"file_id":"AgACAgIAAxUHaGW95M5VpQ4JAlWw8f-K7QOrnDIAAob0MRvYHylLYbMVQbFKPaIBAAMCAANzAAM2BA","file_unique_id":"AQADhvQxG9gfKUt4","file_size":1657,"width":90,"height":67},{"file_id":"AgACAgIAAxUHaGW95M5VpQ4JAlWw8f-K7QOrnDIAAob0MRvYHylLYbMVQbFKPaIBAAMCAANtAAM2BA","file_unique_id":"AQADhvQxG9gfKUty","file_size":24327,"width":320,"height":240},{"file_id":"AgACAgIAAxUHaGW95M5VpQ4JAlWw8f-K7QOrnDIAAob0MRvYHylLYbMVQbFKPaIBAAMCAAN4AAM2BA","file_unique_id":"AQADhvQxG9gfKUt9","file_size":106105,"width":800,"height":600}]}]}
